{"/home/travis/build/npmtest/node-npmtest-splittable/test.js":{"path":"/home/travis/build/npmtest/node-npmtest-splittable/test.js","s":{"1":2,"2":2,"3":2,"4":2,"5":2,"6":2,"7":2,"8":1,"9":2,"10":2,"11":1,"12":1,"13":1,"14":1,"15":2,"16":2,"17":2,"18":2,"19":1,"20":1,"21":2,"22":2,"23":2,"24":1,"25":1,"26":1,"27":1,"28":1,"29":1,"30":1,"31":1,"32":1,"33":1,"34":1,"35":1,"36":1,"37":1,"38":1,"39":2,"40":2,"41":1,"42":2,"43":2,"44":1,"45":2,"46":2,"47":1,"48":2,"49":2,"50":1,"51":1,"52":1,"53":1,"54":1},"b":{"1":[2,1,1,1],"2":[1,1,1,1],"3":[1,1],"4":[1,1],"5":[1,1],"6":[1,1],"7":[1,1],"8":[1,1],"9":[1,1],"10":[1,1,1],"11":[1,1],"12":[1,1],"13":[1,1],"14":[1,1],"15":[1,1],"16":[1,1],"17":[1,1]},"f":{"1":2,"2":2,"3":2,"4":2,"5":2,"6":1,"7":1,"8":1,"9":2,"10":2,"11":2,"12":2,"13":1},"fnMap":{"1":{"name":"(anonymous_1)","line":12,"loc":{"start":{"line":12,"column":1},"end":{"line":12,"column":13}}},"2":{"name":"(anonymous_2)","line":19,"loc":{"start":{"line":19,"column":5},"end":{"line":19,"column":17}}},"3":{"name":"(anonymous_3)","line":23,"loc":{"start":{"line":23,"column":24},"end":{"line":23,"column":36}}},"4":{"name":"(anonymous_4)","line":61,"loc":{"start":{"line":61,"column":5},"end":{"line":61,"column":17}}},"5":{"name":"(anonymous_5)","line":82,"loc":{"start":{"line":82,"column":5},"end":{"line":82,"column":17}}},"6":{"name":"(anonymous_6)","line":91,"loc":{"start":{"line":91,"column":77},"end":{"line":94,"column":10}}},"7":{"name":"(anonymous_7)","line":112,"loc":{"start":{"line":112,"column":83},"end":{"line":115,"column":10}},"skip":true},"8":{"name":"(anonymous_8)","line":123,"loc":{"start":{"line":123,"column":77},"end":{"line":126,"column":10}},"skip":true},"9":{"name":"(anonymous_9)","line":139,"loc":{"start":{"line":139,"column":12},"end":{"line":139,"column":40}},"skip":true},"10":{"name":"(anonymous_10)","line":147,"loc":{"start":{"line":147,"column":77},"end":{"line":150,"column":10}},"skip":true},"11":{"name":"(anonymous_11)","line":158,"loc":{"start":{"line":158,"column":83},"end":{"line":161,"column":10}},"skip":true},"12":{"name":"(anonymous_12)","line":169,"loc":{"start":{"line":169,"column":79},"end":{"line":172,"column":10}},"skip":true},"13":{"name":"(anonymous_13)","line":180,"loc":{"start":{"line":180,"column":75},"end":{"line":183,"column":10}},"skip":true}},"statementMap":{"1":{"start":{"line":12,"column":0},"end":{"line":195,"column":5}},"2":{"start":{"line":14,"column":4},"end":{"line":14,"column":14}},"3":{"start":{"line":19,"column":4},"end":{"line":56,"column":9}},"4":{"start":{"line":21,"column":8},"end":{"line":21,"column":19}},"5":{"start":{"line":23,"column":8},"end":{"line":35,"column":13}},"6":{"start":{"line":24,"column":12},"end":{"line":34,"column":13}},"7":{"start":{"line":25,"column":16},"end":{"line":28,"column":30}},"8":{"start":{"line":30,"column":16},"end":{"line":33,"column":27}},"9":{"start":{"line":37,"column":8},"end":{"line":39,"column":21}},"10":{"start":{"line":40,"column":8},"end":{"line":53,"column":9}},"11":{"start":{"line":43,"column":12},"end":{"line":46,"column":14}},"12":{"start":{"line":47,"column":12},"end":{"line":47,"column":18}},"13":{"start":{"line":50,"column":12},"end":{"line":51,"column":46}},"14":{"start":{"line":52,"column":12},"end":{"line":52,"column":18}},"15":{"start":{"line":55,"column":8},"end":{"line":55,"column":35}},"16":{"start":{"line":61,"column":4},"end":{"line":63,"column":9}},"17":{"start":{"line":62,"column":8},"end":{"line":62,"column":15}},"18":{"start":{"line":64,"column":4},"end":{"line":77,"column":5}},"19":{"start":{"line":70,"column":8},"end":{"line":70,"column":14}},"20":{"start":{"line":76,"column":8},"end":{"line":76,"column":14}},"21":{"start":{"line":82,"column":4},"end":{"line":84,"column":9}},"22":{"start":{"line":83,"column":8},"end":{"line":83,"column":15}},"23":{"start":{"line":85,"column":4},"end":{"line":194,"column":5}},"24":{"start":{"line":91,"column":8},"end":{"line":99,"column":10}},"25":{"start":{"line":98,"column":12},"end":{"line":98,"column":35}},"26":{"start":{"line":102,"column":8},"end":{"line":104,"column":63}},"27":{"start":{"line":105,"column":8},"end":{"line":105,"column":14}},"28":{"start":{"line":112,"column":8},"end":{"line":121,"column":10},"skip":true},"29":{"start":{"line":119,"column":12},"end":{"line":119,"column":55},"skip":true},"30":{"start":{"line":120,"column":12},"end":{"line":120,"column":48},"skip":true},"31":{"start":{"line":123,"column":8},"end":{"line":136,"column":10},"skip":true},"32":{"start":{"line":130,"column":12},"end":{"line":130,"column":76},"skip":true},"33":{"start":{"line":131,"column":12},"end":{"line":131,"column":73},"skip":true},"34":{"start":{"line":132,"column":12},"end":{"line":132,"column":74},"skip":true},"35":{"start":{"line":133,"column":12},"end":{"line":133,"column":79},"skip":true},"36":{"start":{"line":134,"column":12},"end":{"line":134,"column":25},"skip":true},"37":{"start":{"line":135,"column":12},"end":{"line":135,"column":45},"skip":true},"38":{"start":{"line":138,"column":8},"end":{"line":145,"column":14},"skip":true},"39":{"start":{"line":143,"column":16},"end":{"line":143,"column":29},"skip":true},"40":{"start":{"line":144,"column":16},"end":{"line":144,"column":55},"skip":true},"41":{"start":{"line":147,"column":8},"end":{"line":156,"column":10},"skip":true},"42":{"start":{"line":154,"column":12},"end":{"line":154,"column":25},"skip":true},"43":{"start":{"line":155,"column":12},"end":{"line":155,"column":45},"skip":true},"44":{"start":{"line":158,"column":8},"end":{"line":167,"column":10},"skip":true},"45":{"start":{"line":165,"column":12},"end":{"line":165,"column":25},"skip":true},"46":{"start":{"line":166,"column":12},"end":{"line":166,"column":48},"skip":true},"47":{"start":{"line":169,"column":8},"end":{"line":178,"column":10},"skip":true},"48":{"start":{"line":176,"column":12},"end":{"line":176,"column":25},"skip":true},"49":{"start":{"line":177,"column":12},"end":{"line":177,"column":46},"skip":true},"50":{"start":{"line":180,"column":8},"end":{"line":189,"column":10},"skip":true},"51":{"start":{"line":187,"column":12},"end":{"line":187,"column":94},"skip":true},"52":{"start":{"line":188,"column":12},"end":{"line":188,"column":48},"skip":true},"53":{"start":{"line":192,"column":8},"end":{"line":192,"column":35},"skip":true},"54":{"start":{"line":193,"column":8},"end":{"line":193,"column":14},"skip":true}},"branchMap":{"1":{"line":25,"type":"binary-expr","locations":[{"start":{"line":25,"column":23},"end":{"line":25,"column":62}},{"start":{"line":26,"column":20},"end":{"line":26,"column":70}},{"start":{"line":27,"column":20},"end":{"line":27,"column":71}},{"start":{"line":28,"column":20},"end":{"line":28,"column":29}}]},"2":{"line":30,"type":"binary-expr","locations":[{"start":{"line":30,"column":23},"end":{"line":30,"column":37}},{"start":{"line":31,"column":20},"end":{"line":31,"column":61}},{"start":{"line":32,"column":20},"end":{"line":32,"column":70}},{"start":{"line":33,"column":20},"end":{"line":33,"column":26}}]},"3":{"line":37,"type":"cond-expr","locations":[{"start":{"line":38,"column":14},"end":{"line":38,"column":20}},{"start":{"line":39,"column":14},"end":{"line":39,"column":20}}]},"4":{"line":40,"type":"switch","locations":[{"start":{"line":42,"column":8},"end":{"line":47,"column":18}},{"start":{"line":49,"column":8},"end":{"line":52,"column":18}}]},"5":{"line":44,"type":"binary-expr","locations":[{"start":{"line":44,"column":16},"end":{"line":44,"column":44}},{"start":{"line":44,"column":48},"end":{"line":44,"column":66}}]},"6":{"line":50,"type":"binary-expr","locations":[{"start":{"line":50,"column":21},"end":{"line":50,"column":49}},{"start":{"line":50,"column":53},"end":{"line":50,"column":72}}]},"7":{"line":64,"type":"switch","locations":[{"start":{"line":69,"column":4},"end":{"line":70,"column":14}},{"start":{"line":75,"column":4},"end":{"line":76,"column":14}}]},"8":{"line":85,"type":"switch","locations":[{"start":{"line":90,"column":4},"end":{"line":105,"column":14}},{"start":{"line":111,"column":4},"end":{"line":193,"column":14},"skip":true}]},"9":{"line":91,"type":"binary-expr","locations":[{"start":{"line":91,"column":42},"end":{"line":91,"column":73}},{"start":{"line":91,"column":77},"end":{"line":99,"column":9}}]},"10":{"line":102,"type":"binary-expr","locations":[{"start":{"line":102,"column":18},"end":{"line":102,"column":32}},{"start":{"line":103,"column":12},"end":{"line":103,"column":53}},{"start":{"line":104,"column":12},"end":{"line":104,"column":61}}]},"11":{"line":112,"type":"binary-expr","locations":[{"start":{"line":112,"column":45},"end":{"line":112,"column":79},"skip":true},{"start":{"line":112,"column":83},"end":{"line":121,"column":9},"skip":true}]},"12":{"line":123,"type":"binary-expr","locations":[{"start":{"line":123,"column":42},"end":{"line":123,"column":73},"skip":true},{"start":{"line":123,"column":77},"end":{"line":136,"column":9},"skip":true}]},"13":{"line":138,"type":"binary-expr","locations":[{"start":{"line":138,"column":48},"end":{"line":138,"column":85},"skip":true},{"start":{"line":139,"column":12},"end":{"line":145,"column":13},"skip":true}]},"14":{"line":147,"type":"binary-expr","locations":[{"start":{"line":147,"column":42},"end":{"line":147,"column":73},"skip":true},{"start":{"line":147,"column":77},"end":{"line":156,"column":9},"skip":true}]},"15":{"line":158,"type":"binary-expr","locations":[{"start":{"line":158,"column":45},"end":{"line":158,"column":79},"skip":true},{"start":{"line":158,"column":83},"end":{"line":167,"column":9},"skip":true}]},"16":{"line":169,"type":"binary-expr","locations":[{"start":{"line":169,"column":43},"end":{"line":169,"column":75},"skip":true},{"start":{"line":169,"column":79},"end":{"line":178,"column":9},"skip":true}]},"17":{"line":180,"type":"binary-expr","locations":[{"start":{"line":180,"column":41},"end":{"line":180,"column":71},"skip":true},{"start":{"line":180,"column":75},"end":{"line":189,"column":9},"skip":true}]}},"code":["/* istanbul instrument in package npmtest_splittable */","/*jslint","    bitwise: true,","    browser: true,","    maxerr: 8,","    maxlen: 96,","    node: true,","    nomen: true,","    regexp: true,","    stupid: true","*/","(function () {","    'use strict';","    var local;","","","","    // run shared js-env code - pre-init","    (function () {","        // init local","        local = {};","        // init modeJs","        local.modeJs = (function () {","            try {","                return typeof navigator.userAgent === 'string' &&","                    typeof document.querySelector('body') === 'object' &&","                    typeof XMLHttpRequest.prototype.open === 'function' &&","                    'browser';","            } catch (errorCaughtBrowser) {","                return module.exports &&","                    typeof process.versions.node === 'string' &&","                    typeof require('http').createServer === 'function' &&","                    'node';","            }","        }());","        // init global","        local.global = local.modeJs === 'browser'","            ? window","            : global;","        switch (local.modeJs) {","        // re-init local from window.local","        case 'browser':","            local = local.global.utility2.objectSetDefault(","                local.global.utility2_rollup || local.global.local,","                local.global.utility2","            );","            break;","        // re-init local from example.js","        case 'node':","            local = (local.global.utility2_rollup || require('utility2'))","                .requireExampleJsFromReadme();","            break;","        }","        // export local","        local.global.local = local;","    }());","","","","    // run shared js-env code - function","    (function () {","        return;","    }());","    switch (local.modeJs) {","","","","    // run browser js-env code - function","    case 'browser':","        break;","","","","    // run node js-env code - function","    case 'node':","        break;","    }","","","","    // run shared js-env code - post-init","    (function () {","        return;","    }());","    switch (local.modeJs) {","","","","    // run browser js-env code - post-init","    case 'browser':","        local.testCase_browser_nullCase = local.testCase_browser_nullCase || function (","            options,","            onError","        ) {","        /*","         * this function will test browsers's null-case handling-behavior-behavior","         */","            onError(null, options);","        };","","        // run tests","        local.nop(local.modeTest &&","            document.querySelector('#testRunButton1') &&","            document.querySelector('#testRunButton1').click());","        break;","","","","    // run node js-env code - post-init","    /* istanbul ignore next */","    case 'node':","        local.testCase_buildApidoc_default = local.testCase_buildApidoc_default || function (","            options,","            onError","        ) {","        /*","         * this function will test buildApidoc's default handling-behavior-behavior","         */","            options = { modulePathList: module.paths };","            local.buildApidoc(options, onError);","        };","","        local.testCase_buildApp_default = local.testCase_buildApp_default || function (","            options,","            onError","        ) {","        /*","         * this function will test buildApp's default handling-behavior-behavior","         */","            local.testCase_buildReadme_default(options, local.onErrorThrow);","            local.testCase_buildLib_default(options, local.onErrorThrow);","            local.testCase_buildTest_default(options, local.onErrorThrow);","            local.testCase_buildCustomOrg_default(options, local.onErrorThrow);","            options = [];","            local.buildApp(options, onError);","        };","","        local.testCase_buildCustomOrg_default = local.testCase_buildCustomOrg_default ||","            function (options, onError) {","            /*","             * this function will test buildCustomOrg's default handling-behavior","             */","                options = {};","                local.buildCustomOrg(options, onError);","            };","","        local.testCase_buildLib_default = local.testCase_buildLib_default || function (","            options,","            onError","        ) {","        /*","         * this function will test buildLib's default handling-behavior","         */","            options = {};","            local.buildLib(options, onError);","        };","","        local.testCase_buildReadme_default = local.testCase_buildReadme_default || function (","            options,","            onError","        ) {","        /*","         * this function will test buildReadme's default handling-behavior-behavior","         */","            options = {};","            local.buildReadme(options, onError);","        };","","        local.testCase_buildTest_default = local.testCase_buildTest_default || function (","            options,","            onError","        ) {","        /*","         * this function will test buildTest's default handling-behavior","         */","            options = {};","            local.buildTest(options, onError);","        };","","        local.testCase_webpage_default = local.testCase_webpage_default || function (","            options,","            onError","        ) {","        /*","         * this function will test webpage's default handling-behavior","         */","            options = { modeCoverageMerge: true, url: local.serverLocalHost + '?modeTest=1' };","            local.browserTest(options, onError);","        };","","        // run test-server","        local.testRunServer(local);","        break;","    }","}());",""],"l":{"12":2,"14":2,"19":2,"21":2,"23":2,"24":2,"25":2,"30":1,"37":2,"40":2,"43":1,"47":1,"50":1,"52":1,"55":2,"61":2,"62":2,"64":2,"70":1,"76":1,"82":2,"83":2,"85":2,"91":1,"98":1,"102":1,"105":1,"112":1,"119":1,"120":1,"123":1,"130":1,"131":1,"132":1,"133":1,"134":1,"135":1,"138":1,"143":2,"144":2,"147":1,"154":2,"155":2,"158":1,"165":2,"166":2,"169":1,"176":2,"177":2,"180":1,"187":1,"188":1,"192":1,"193":1}},"/home/travis/build/npmtest/node-npmtest-splittable/lib.npmtest_splittable.js":{"path":"/home/travis/build/npmtest/node-npmtest-splittable/lib.npmtest_splittable.js","s":{"1":2,"2":2,"3":2,"4":2,"5":2,"6":2,"7":2,"8":1,"9":2,"10":2,"11":2,"12":2,"13":1,"14":1,"15":1,"16":1},"b":{"1":[2,1,1,1],"2":[1,1,1,1],"3":[1,1],"4":[2,2],"5":[1,1]},"f":{"1":2,"2":2,"3":2},"fnMap":{"1":{"name":"(anonymous_1)","line":12,"loc":{"start":{"line":12,"column":1},"end":{"line":12,"column":13}}},"2":{"name":"(anonymous_2)","line":19,"loc":{"start":{"line":19,"column":5},"end":{"line":19,"column":17}}},"3":{"name":"(anonymous_3)","line":23,"loc":{"start":{"line":23,"column":24},"end":{"line":23,"column":36}}}},"statementMap":{"1":{"start":{"line":12,"column":0},"end":{"line":53,"column":5}},"2":{"start":{"line":14,"column":4},"end":{"line":14,"column":14}},"3":{"start":{"line":19,"column":4},"end":{"line":52,"column":9}},"4":{"start":{"line":21,"column":8},"end":{"line":21,"column":19}},"5":{"start":{"line":23,"column":8},"end":{"line":35,"column":13}},"6":{"start":{"line":24,"column":12},"end":{"line":34,"column":13}},"7":{"start":{"line":25,"column":16},"end":{"line":28,"column":30}},"8":{"start":{"line":30,"column":16},"end":{"line":33,"column":27}},"9":{"start":{"line":37,"column":8},"end":{"line":39,"column":21}},"10":{"start":{"line":41,"column":8},"end":{"line":41,"column":54}},"11":{"start":{"line":43,"column":8},"end":{"line":43,"column":55}},"12":{"start":{"line":45,"column":8},"end":{"line":51,"column":9}},"13":{"start":{"line":46,"column":12},"end":{"line":46,"column":61}},"14":{"start":{"line":48,"column":12},"end":{"line":48,"column":35}},"15":{"start":{"line":49,"column":12},"end":{"line":49,"column":49}},"16":{"start":{"line":50,"column":12},"end":{"line":50,"column":43}}},"branchMap":{"1":{"line":25,"type":"binary-expr","locations":[{"start":{"line":25,"column":23},"end":{"line":25,"column":62}},{"start":{"line":26,"column":20},"end":{"line":26,"column":70}},{"start":{"line":27,"column":20},"end":{"line":27,"column":71}},{"start":{"line":28,"column":20},"end":{"line":28,"column":29}}]},"2":{"line":30,"type":"binary-expr","locations":[{"start":{"line":30,"column":23},"end":{"line":30,"column":37}},{"start":{"line":31,"column":20},"end":{"line":31,"column":61}},{"start":{"line":32,"column":20},"end":{"line":32,"column":70}},{"start":{"line":33,"column":20},"end":{"line":33,"column":26}}]},"3":{"line":37,"type":"cond-expr","locations":[{"start":{"line":38,"column":14},"end":{"line":38,"column":20}},{"start":{"line":39,"column":14},"end":{"line":39,"column":20}}]},"4":{"line":41,"type":"binary-expr","locations":[{"start":{"line":41,"column":16},"end":{"line":41,"column":44}},{"start":{"line":41,"column":48},"end":{"line":41,"column":53}}]},"5":{"line":45,"type":"if","locations":[{"start":{"line":45,"column":8},"end":{"line":45,"column":8}},{"start":{"line":45,"column":8},"end":{"line":45,"column":8}}]}},"code":["/* istanbul instrument in package npmtest_splittable */","/*jslint","    bitwise: true,","    browser: true,","    maxerr: 8,","    maxlen: 96,","    node: true,","    nomen: true,","    regexp: true,","    stupid: true","*/","(function () {","    'use strict';","    var local;","","","","    // run shared js-env code - pre-init","    (function () {","        // init local","        local = {};","        // init modeJs","        local.modeJs = (function () {","            try {","                return typeof navigator.userAgent === 'string' &&","                    typeof document.querySelector('body') === 'object' &&","                    typeof XMLHttpRequest.prototype.open === 'function' &&","                    'browser';","            } catch (errorCaughtBrowser) {","                return module.exports &&","                    typeof process.versions.node === 'string' &&","                    typeof require('http').createServer === 'function' &&","                    'node';","            }","        }());","        // init global","        local.global = local.modeJs === 'browser'","            ? window","            : global;","        // init utility2_rollup","        local = local.global.utility2_rollup || local;","        // init lib","        local.local = local.npmtest_splittable = local;","        // init exports","        if (local.modeJs === 'browser') {","            local.global.utility2_npmtest_splittable = local;","        } else {","            module.exports = local;","            module.exports.__dirname = __dirname;","            module.exports.module = module;","        }","    }());","}());",""],"l":{"12":2,"14":2,"19":2,"21":2,"23":2,"24":2,"25":2,"30":1,"37":2,"41":2,"43":2,"45":2,"46":1,"48":1,"49":1,"50":1}},"/home/travis/build/npmtest/node-npmtest-splittable/example.js":{"path":"/home/travis/build/npmtest/node-npmtest-splittable/example.js","s":{"1":2,"2":2,"3":2,"4":2,"5":2,"6":2,"7":2,"8":1,"9":2,"10":2,"11":2,"12":2,"13":1,"14":2,"15":2,"16":2,"17":2,"18":2,"19":0,"20":2,"21":1,"22":1,"23":1,"24":1,"25":1,"26":0,"27":0,"28":1,"29":1,"30":2,"31":0,"32":0,"33":0,"34":1,"35":2,"36":2,"37":3,"38":3,"39":3,"40":3,"41":0,"42":3,"43":3,"44":3,"45":1,"46":3,"47":1,"48":1,"49":1,"50":1,"51":1,"52":1,"53":1,"54":1,"55":1,"56":1,"57":0,"58":1,"59":6,"60":6,"61":1,"62":2,"63":0,"64":2,"65":1,"66":1,"67":0,"68":0,"69":0,"70":0,"71":0,"72":0,"73":0,"74":0,"75":0,"76":0,"77":0,"78":0,"79":0,"80":0,"81":0,"82":0,"83":0},"b":{"1":[2,1,1,1],"2":[1,1,1,1],"3":[1,1],"4":[2,2],"5":[1,1],"6":[1,1],"7":[2,0],"8":[2,1,1,1,1,1],"9":[0,2,0],"10":[1,1],"11":[2,1,1],"12":[1,0],"13":[0,2],"14":[2,0,0,0,0,0,0],"15":[0,3],"16":[3,0],"17":[1,1],"18":[0,1],"19":[1,2,0,2],"20":[1,0],"21":[1,1],"22":[0,0],"23":[0,0],"24":[0,0],"25":[0,0],"26":[0,0],"27":[0,0],"28":[0,0]},"f":{"1":2,"2":2,"3":2,"4":2,"5":2,"6":2,"7":3,"8":3,"9":3,"10":1,"11":6,"12":0},"fnMap":{"1":{"name":"(anonymous_1)","line":26,"loc":{"start":{"line":26,"column":1},"end":{"line":26,"column":13}}},"2":{"name":"(anonymous_2)","line":33,"loc":{"start":{"line":33,"column":5},"end":{"line":33,"column":17}}},"3":{"name":"(anonymous_3)","line":37,"loc":{"start":{"line":37,"column":24},"end":{"line":37,"column":36}}},"4":{"name":"(anonymous_4)","line":69,"loc":{"start":{"line":69,"column":31},"end":{"line":69,"column":48}},"skip":true},"5":{"name":"(anonymous_5)","line":78,"loc":{"start":{"line":78,"column":26},"end":{"line":78,"column":45}},"skip":true},"6":{"name":"(anonymous_6)","line":123,"loc":{"start":{"line":123,"column":33},"end":{"line":123,"column":48}},"skip":true},"7":{"name":"(anonymous_7)","line":125,"loc":{"start":{"line":125,"column":27},"end":{"line":125,"column":39}},"skip":true},"8":{"name":"(anonymous_8)","line":133,"loc":{"start":{"line":133,"column":59},"end":{"line":133,"column":74}},"skip":true},"9":{"name":"(anonymous_9)","line":143,"loc":{"start":{"line":143,"column":45},"end":{"line":143,"column":62}},"skip":true},"10":{"name":"(anonymous_10)","line":144,"loc":{"start":{"line":144,"column":73},"end":{"line":144,"column":92}},"skip":true},"11":{"name":"(anonymous_11)","line":272,"loc":{"start":{"line":272,"column":51},"end":{"line":272,"column":77}},"skip":true},"12":{"name":"(anonymous_12)","line":315,"loc":{"start":{"line":315,"column":32},"end":{"line":315,"column":61}},"skip":true}},"statementMap":{"1":{"start":{"line":26,"column":0},"end":{"line":326,"column":5}},"2":{"start":{"line":28,"column":4},"end":{"line":28,"column":14}},"3":{"start":{"line":33,"column":4},"end":{"line":60,"column":9}},"4":{"start":{"line":35,"column":8},"end":{"line":35,"column":19}},"5":{"start":{"line":37,"column":8},"end":{"line":49,"column":13}},"6":{"start":{"line":38,"column":12},"end":{"line":48,"column":13}},"7":{"start":{"line":39,"column":16},"end":{"line":42,"column":30}},"8":{"start":{"line":44,"column":16},"end":{"line":47,"column":27}},"9":{"start":{"line":51,"column":8},"end":{"line":53,"column":21}},"10":{"start":{"line":55,"column":8},"end":{"line":57,"column":45}},"11":{"start":{"line":59,"column":8},"end":{"line":59,"column":35}},"12":{"start":{"line":61,"column":4},"end":{"line":325,"column":5}},"13":{"start":{"line":69,"column":8},"end":{"line":121,"column":10},"skip":true},"14":{"start":{"line":70,"column":12},"end":{"line":88,"column":13},"skip":true},"15":{"start":{"line":76,"column":16},"end":{"line":87,"column":19},"skip":true},"16":{"start":{"line":79,"column":20},"end":{"line":86,"column":21},"skip":true},"17":{"start":{"line":82,"column":24},"end":{"line":82,"column":43},"skip":true},"18":{"start":{"line":83,"column":24},"end":{"line":83,"column":30},"skip":true},"19":{"start":{"line":85,"column":24},"end":{"line":85,"column":49},"skip":true},"20":{"start":{"line":89,"column":12},"end":{"line":107,"column":13},"skip":true},"21":{"start":{"line":92,"column":16},"end":{"line":102,"column":17},"skip":true},"22":{"start":{"line":93,"column":20},"end":{"line":93,"column":86},"skip":true},"23":{"start":{"line":94,"column":20},"end":{"line":95,"column":45},"skip":true},"24":{"start":{"line":96,"column":20},"end":{"line":96,"column":42},"skip":true},"25":{"start":{"line":97,"column":20},"end":{"line":97,"column":48},"skip":true},"26":{"start":{"line":100,"column":20},"end":{"line":100,"column":85},"skip":true},"27":{"start":{"line":101,"column":20},"end":{"line":101,"column":96},"skip":true},"28":{"start":{"line":103,"column":16},"end":{"line":103,"column":22},"skip":true},"29":{"start":{"line":106,"column":16},"end":{"line":106,"column":22},"skip":true},"30":{"start":{"line":108,"column":12},"end":{"line":120,"column":13},"skip":true},"31":{"start":{"line":114,"column":16},"end":{"line":119,"column":17},"skip":true},"32":{"start":{"line":116,"column":20},"end":{"line":116,"column":78},"skip":true},"33":{"start":{"line":118,"column":20},"end":{"line":118,"column":47},"skip":true},"34":{"start":{"line":123,"column":8},"end":{"line":141,"column":11},"skip":true},"35":{"start":{"line":124,"column":12},"end":{"line":124,"column":54},"skip":true},"36":{"start":{"line":125,"column":12},"end":{"line":140,"column":14},"skip":true},"37":{"start":{"line":126,"column":16},"end":{"line":126,"column":28},"skip":true},"38":{"start":{"line":127,"column":16},"end":{"line":127,"column":69},"skip":true},"39":{"start":{"line":128,"column":16},"end":{"line":128,"column":75},"skip":true},"40":{"start":{"line":129,"column":16},"end":{"line":131,"column":17},"skip":true},"41":{"start":{"line":130,"column":20},"end":{"line":130,"column":27},"skip":true},"42":{"start":{"line":133,"column":16},"end":{"line":137,"column":36},"skip":true},"43":{"start":{"line":134,"column":20},"end":{"line":136,"column":55},"skip":true},"44":{"start":{"line":139,"column":16},"end":{"line":139,"column":57},"skip":true},"45":{"start":{"line":143,"column":8},"end":{"line":147,"column":11},"skip":true},"46":{"start":{"line":144,"column":12},"end":{"line":146,"column":15},"skip":true},"47":{"start":{"line":145,"column":16},"end":{"line":145,"column":70},"skip":true},"48":{"start":{"line":149,"column":8},"end":{"line":149,"column":31},"skip":true},"49":{"start":{"line":150,"column":8},"end":{"line":150,"column":14},"skip":true},"50":{"start":{"line":158,"column":8},"end":{"line":158,"column":31},"skip":true},"51":{"start":{"line":160,"column":8},"end":{"line":160,"column":33},"skip":true},"52":{"start":{"line":161,"column":8},"end":{"line":161,"column":37},"skip":true},"53":{"start":{"line":162,"column":8},"end":{"line":162,"column":35},"skip":true},"54":{"start":{"line":164,"column":8},"end":{"line":164,"column":50},"skip":true},"55":{"start":{"line":166,"column":8},"end":{"line":256,"column":2},"skip":true},"56":{"start":{"line":258,"column":8},"end":{"line":286,"column":9},"skip":true},"57":{"start":{"line":259,"column":12},"end":{"line":269,"column":14},"skip":true},"58":{"start":{"line":271,"column":12},"end":{"line":285,"column":19},"skip":true},"59":{"start":{"line":274,"column":20},"end":{"line":274,"column":35},"skip":true},"60":{"start":{"line":275,"column":20},"end":{"line":284,"column":21},"skip":true},"61":{"start":{"line":277,"column":24},"end":{"line":277,"column":64},"skip":true},"62":{"start":{"line":279,"column":24},"end":{"line":279,"column":40},"skip":true},"63":{"start":{"line":281,"column":24},"end":{"line":281,"column":40},"skip":true},"64":{"start":{"line":283,"column":24},"end":{"line":283,"column":39},"skip":true},"65":{"start":{"line":288,"column":8},"end":{"line":290,"column":9},"skip":true},"66":{"start":{"line":289,"column":12},"end":{"line":289,"column":18},"skip":true},"67":{"start":{"line":291,"column":8},"end":{"line":293,"column":54},"skip":true},"68":{"start":{"line":296,"column":8},"end":{"line":301,"column":37},"skip":true},"69":{"start":{"line":303,"column":8},"end":{"line":303,"column":82},"skip":true},"70":{"start":{"line":306,"column":8},"end":{"line":308,"column":9},"skip":true},"71":{"start":{"line":307,"column":12},"end":{"line":307,"column":82},"skip":true},"72":{"start":{"line":310,"column":8},"end":{"line":312,"column":9},"skip":true},"73":{"start":{"line":311,"column":12},"end":{"line":311,"column":18},"skip":true},"74":{"start":{"line":313,"column":8},"end":{"line":313,"column":54},"skip":true},"75":{"start":{"line":314,"column":8},"end":{"line":314,"column":69},"skip":true},"76":{"start":{"line":315,"column":8},"end":{"line":323,"column":36},"skip":true},"77":{"start":{"line":316,"column":12},"end":{"line":316,"column":61},"skip":true},"78":{"start":{"line":317,"column":12},"end":{"line":320,"column":13},"skip":true},"79":{"start":{"line":318,"column":16},"end":{"line":318,"column":75},"skip":true},"80":{"start":{"line":319,"column":16},"end":{"line":319,"column":23},"skip":true},"81":{"start":{"line":321,"column":12},"end":{"line":321,"column":38},"skip":true},"82":{"start":{"line":322,"column":12},"end":{"line":322,"column":27},"skip":true},"83":{"start":{"line":324,"column":8},"end":{"line":324,"column":14},"skip":true}},"branchMap":{"1":{"line":39,"type":"binary-expr","locations":[{"start":{"line":39,"column":23},"end":{"line":39,"column":62}},{"start":{"line":40,"column":20},"end":{"line":40,"column":70}},{"start":{"line":41,"column":20},"end":{"line":41,"column":71}},{"start":{"line":42,"column":20},"end":{"line":42,"column":29}}]},"2":{"line":44,"type":"binary-expr","locations":[{"start":{"line":44,"column":23},"end":{"line":44,"column":37}},{"start":{"line":45,"column":20},"end":{"line":45,"column":61}},{"start":{"line":46,"column":20},"end":{"line":46,"column":70}},{"start":{"line":47,"column":20},"end":{"line":47,"column":26}}]},"3":{"line":51,"type":"cond-expr","locations":[{"start":{"line":52,"column":14},"end":{"line":52,"column":20}},{"start":{"line":53,"column":14},"end":{"line":53,"column":20}}]},"4":{"line":55,"type":"binary-expr","locations":[{"start":{"line":55,"column":16},"end":{"line":55,"column":44}},{"start":{"line":55,"column":49},"end":{"line":57,"column":43}}]},"5":{"line":55,"type":"cond-expr","locations":[{"start":{"line":56,"column":14},"end":{"line":56,"column":54}},{"start":{"line":57,"column":14},"end":{"line":57,"column":43}}]},"6":{"line":61,"type":"switch","locations":[{"start":{"line":68,"column":4},"end":{"line":150,"column":14},"skip":true},{"start":{"line":156,"column":4},"end":{"line":324,"column":14},"skip":true}]},"7":{"line":70,"type":"if","locations":[{"start":{"line":70,"column":12},"end":{"line":70,"column":12},"skip":true},{"start":{"line":70,"column":12},"end":{"line":70,"column":12},"skip":true}]},"8":{"line":70,"type":"binary-expr","locations":[{"start":{"line":70,"column":16},"end":{"line":70,"column":22},"skip":true},{"start":{"line":70,"column":27},"end":{"line":70,"column":32},"skip":true},{"start":{"line":71,"column":20},"end":{"line":71,"column":39},"skip":true},{"start":{"line":72,"column":20},"end":{"line":72,"column":49},"skip":true},{"start":{"line":73,"column":20},"end":{"line":73,"column":58},"skip":true},{"start":{"line":74,"column":20},"end":{"line":74,"column":69},"skip":true}]},"9":{"line":79,"type":"switch","locations":[{"start":{"line":80,"column":20},"end":{"line":80,"column":33},"skip":true},{"start":{"line":81,"column":20},"end":{"line":83,"column":30},"skip":true},{"start":{"line":84,"column":20},"end":{"line":85,"column":49},"skip":true}]},"10":{"line":89,"type":"switch","locations":[{"start":{"line":90,"column":12},"end":{"line":103,"column":22},"skip":true},{"start":{"line":105,"column":12},"end":{"line":106,"column":22},"skip":true}]},"11":{"line":89,"type":"binary-expr","locations":[{"start":{"line":89,"column":20},"end":{"line":89,"column":25},"skip":true},{"start":{"line":89,"column":29},"end":{"line":89,"column":48},"skip":true},{"start":{"line":89,"column":52},"end":{"line":89,"column":74},"skip":true}]},"12":{"line":92,"type":"if","locations":[{"start":{"line":92,"column":16},"end":{"line":92,"column":16},"skip":true},{"start":{"line":92,"column":16},"end":{"line":92,"column":16},"skip":true}]},"13":{"line":108,"type":"if","locations":[{"start":{"line":108,"column":12},"end":{"line":108,"column":12},"skip":true},{"start":{"line":108,"column":12},"end":{"line":108,"column":12},"skip":true}]},"14":{"line":108,"type":"binary-expr","locations":[{"start":{"line":108,"column":16},"end":{"line":108,"column":61},"skip":true},{"start":{"line":108,"column":66},"end":{"line":108,"column":72},"skip":true},{"start":{"line":108,"column":77},"end":{"line":108,"column":82},"skip":true},{"start":{"line":109,"column":20},"end":{"line":109,"column":39},"skip":true},{"start":{"line":110,"column":20},"end":{"line":110,"column":49},"skip":true},{"start":{"line":111,"column":20},"end":{"line":111,"column":58},"skip":true},{"start":{"line":112,"column":20},"end":{"line":112,"column":68},"skip":true}]},"15":{"line":129,"type":"if","locations":[{"start":{"line":129,"column":16},"end":{"line":129,"column":16},"skip":true},{"start":{"line":129,"column":16},"end":{"line":129,"column":16},"skip":true}]},"16":{"line":134,"type":"cond-expr","locations":[{"start":{"line":135,"column":26},"end":{"line":135,"column":29},"skip":true},{"start":{"line":136,"column":26},"end":{"line":136,"column":54},"skip":true}]},"17":{"line":164,"type":"binary-expr","locations":[{"start":{"line":164,"column":27},"end":{"line":164,"column":43},"skip":true},{"start":{"line":164,"column":47},"end":{"line":164,"column":49},"skip":true}]},"18":{"line":258,"type":"if","locations":[{"start":{"line":258,"column":8},"end":{"line":258,"column":8},"skip":true},{"start":{"line":258,"column":8},"end":{"line":258,"column":8},"skip":true}]},"19":{"line":275,"type":"switch","locations":[{"start":{"line":276,"column":20},"end":{"line":277,"column":64},"skip":true},{"start":{"line":278,"column":20},"end":{"line":279,"column":40},"skip":true},{"start":{"line":280,"column":20},"end":{"line":281,"column":40},"skip":true},{"start":{"line":282,"column":20},"end":{"line":283,"column":39},"skip":true}]},"20":{"line":288,"type":"if","locations":[{"start":{"line":288,"column":8},"end":{"line":288,"column":8},"skip":true},{"start":{"line":288,"column":8},"end":{"line":288,"column":8},"skip":true}]},"21":{"line":288,"type":"binary-expr","locations":[{"start":{"line":288,"column":12},"end":{"line":288,"column":40},"skip":true},{"start":{"line":288,"column":44},"end":{"line":288,"column":67},"skip":true}]},"22":{"line":292,"type":"binary-expr","locations":[{"start":{"line":292,"column":12},"end":{"line":292,"column":50},"skip":true},{"start":{"line":293,"column":12},"end":{"line":293,"column":53},"skip":true}]},"23":{"line":297,"type":"binary-expr","locations":[{"start":{"line":297,"column":12},"end":{"line":297,"column":68},"skip":true},{"start":{"line":298,"column":12},"end":{"line":301,"column":36},"skip":true}]},"24":{"line":303,"type":"binary-expr","locations":[{"start":{"line":303,"column":43},"end":{"line":303,"column":75},"skip":true},{"start":{"line":303,"column":79},"end":{"line":303,"column":81},"skip":true}]},"25":{"line":306,"type":"if","locations":[{"start":{"line":306,"column":8},"end":{"line":306,"column":8},"skip":true},{"start":{"line":306,"column":8},"end":{"line":306,"column":8},"skip":true}]},"26":{"line":310,"type":"if","locations":[{"start":{"line":310,"column":8},"end":{"line":310,"column":8},"skip":true},{"start":{"line":310,"column":8},"end":{"line":310,"column":8},"skip":true}]},"27":{"line":313,"type":"binary-expr","locations":[{"start":{"line":313,"column":27},"end":{"line":313,"column":43},"skip":true},{"start":{"line":313,"column":47},"end":{"line":313,"column":53},"skip":true}]},"28":{"line":317,"type":"if","locations":[{"start":{"line":317,"column":12},"end":{"line":317,"column":12},"skip":true},{"start":{"line":317,"column":12},"end":{"line":317,"column":12},"skip":true}]}},"code":["/*","example.js","","quickstart example","","instruction","    1. save this script as example.js","    2. run the shell command:","        $ npm install npmtest-splittable && PORT=8081 node example.js","    3. play with the browser-demo on http://127.0.0.1:8081","*/","","","","/* istanbul instrument in package npmtest_splittable */","/*jslint","    bitwise: true,","    browser: true,","    maxerr: 8,","    maxlen: 96,","    node: true,","    nomen: true,","    regexp: true,","    stupid: true","*/","(function () {","    'use strict';","    var local;","","","","    // run shared js-env code - pre-init","    (function () {","        // init local","        local = {};","        // init modeJs","        local.modeJs = (function () {","            try {","                return typeof navigator.userAgent === 'string' &&","                    typeof document.querySelector('body') === 'object' &&","                    typeof XMLHttpRequest.prototype.open === 'function' &&","                    'browser';","            } catch (errorCaughtBrowser) {","                return module.exports &&","                    typeof process.versions.node === 'string' &&","                    typeof require('http').createServer === 'function' &&","                    'node';","            }","        }());","        // init global","        local.global = local.modeJs === 'browser'","            ? window","            : global;","        // init utility2_rollup","        local = local.global.utility2_rollup || (local.modeJs === 'browser'","            ? local.global.utility2_npmtest_splittable","            : global.utility2_moduleExports);","        // export local","        local.global.local = local;","    }());","    switch (local.modeJs) {","","","","    // post-init","    // run browser js-env code - post-init","    /* istanbul ignore next */","    case 'browser':","        local.testRunBrowser = function (event) {","            if (!event || (event &&","                    event.currentTarget &&","                    event.currentTarget.className &&","                    event.currentTarget.className.includes &&","                    event.currentTarget.className.includes('onreset'))) {","                // reset output","                Array.from(","                    document.querySelectorAll('body > .resettable')","                ).forEach(function (element) {","                    switch (element.tagName) {","                    case 'INPUT':","                    case 'TEXTAREA':","                        element.value = '';","                        break;","                    default:","                        element.textContent = '';","                    }","                });","            }","            switch (event && event.currentTarget && event.currentTarget.id) {","            case 'testRunButton1':","                // show tests","                if (document.querySelector('#testReportDiv1').style.display === 'none') {","                    document.querySelector('#testReportDiv1').style.display = 'block';","                    document.querySelector('#testRunButton1').textContent =","                        'hide internal test';","                    local.modeTest = true;","                    local.testRunDefault(local);","                // hide tests","                } else {","                    document.querySelector('#testReportDiv1').style.display = 'none';","                    document.querySelector('#testRunButton1').textContent = 'run internal test';","                }","                break;","            // custom-case","            default:","                break;","            }","            if (document.querySelector('#inputTextareaEval1') && (!event || (event &&","                    event.currentTarget &&","                    event.currentTarget.className &&","                    event.currentTarget.className.includes &&","                    event.currentTarget.className.includes('oneval')))) {","                // try to eval input-code","                try {","                    /*jslint evil: true*/","                    eval(document.querySelector('#inputTextareaEval1').value);","                } catch (errorCaught) {","                    console.error(errorCaught);","                }","            }","        };","        // log stderr and stdout to #outputTextareaStdout1","        ['error', 'log'].forEach(function (key) {","            console[key + '_original'] = console[key];","            console[key] = function () {","                var element;","                console[key + '_original'].apply(console, arguments);","                element = document.querySelector('#outputTextareaStdout1');","                if (!element) {","                    return;","                }","                // append text to #outputTextareaStdout1","                element.value += Array.from(arguments).map(function (arg) {","                    return typeof arg === 'string'","                        ? arg","                        : JSON.stringify(arg, null, 4);","                }).join(' ') + '\\n';","                // scroll textarea to bottom","                element.scrollTop = element.scrollHeight;","            };","        });","        // init event-handling","        ['change', 'click', 'keyup'].forEach(function (event) {","            Array.from(document.querySelectorAll('.on' + event)).forEach(function (element) {","                element.addEventListener(event, local.testRunBrowser);","            });","        });","        // run tests","        local.testRunBrowser();","        break;","","","","    // run node js-env code - post-init","    /* istanbul ignore next */","    case 'node':","        // export local","        module.exports = local;","        // require modules","        local.fs = require('fs');","        local.http = require('http');","        local.url = require('url');","        // init assets","        local.assetsDict = local.assetsDict || {};","        /* jslint-ignore-begin */","        local.assetsDict['/assets.index.template.html'] = '\\","<!doctype html>\\n\\","<html lang=\"en\">\\n\\","<head>\\n\\","<meta charset=\"UTF-8\">\\n\\","<meta name=\"viewport\" content=\"width=device-width, initial-scale=1\">\\n\\","<title>{{env.npm_package_name}} (v{{env.npm_package_version}})</title>\\n\\","<style>\\n\\","/*csslint\\n\\","    box-sizing: false,\\n\\","    universal-selector: false\\n\\","*/\\n\\","* {\\n\\","    box-sizing: border-box;\\n\\","}\\n\\","body {\\n\\","    background: #dde;\\n\\","    font-family: Arial, Helvetica, sans-serif;\\n\\","    margin: 2rem;\\n\\","}\\n\\","body > * {\\n\\","    margin-bottom: 1rem;\\n\\","}\\n\\",".utility2FooterDiv {\\n\\","    margin-top: 20px;\\n\\","    text-align: center;\\n\\","}\\n\\","</style>\\n\\","<style>\\n\\","/*csslint\\n\\","*/\\n\\","textarea {\\n\\","    font-family: monospace;\\n\\","    height: 10rem;\\n\\","    width: 100%;\\n\\","}\\n\\","textarea[readonly] {\\n\\","    background: #ddd;\\n\\","}\\n\\","</style>\\n\\","</head>\\n\\","<body>\\n\\","<!-- utility2-comment\\n\\","<div id=\"ajaxProgressDiv1\" style=\"background: #d00; height: 2px; left: 0; margin: 0; padding: 0; position: fixed; top: 0; transition: background 0.5s, width 1.5s; width: 25%;\"></div>\\n\\","utility2-comment -->\\n\\","<h1>\\n\\","<!-- utility2-comment\\n\\","    <a\\n\\","        {{#if env.npm_package_homepage}}\\n\\","        href=\"{{env.npm_package_homepage}}\"\\n\\","        {{/if env.npm_package_homepage}}\\n\\","        target=\"_blank\"\\n\\","    >\\n\\","utility2-comment -->\\n\\","        {{env.npm_package_name}} (v{{env.npm_package_version}})\\n\\","<!-- utility2-comment\\n\\","    </a>\\n\\","utility2-comment -->\\n\\","</h1>\\n\\","<h3>{{env.npm_package_description}}</h3>\\n\\","<!-- utility2-comment\\n\\","<h4><a download href=\"assets.app.js\">download standalone app</a></h4>\\n\\","<button class=\"onclick onreset\" id=\"testRunButton1\">run internal test</button><br>\\n\\","<div id=\"testReportDiv1\" style=\"display: none;\"></div>\\n\\","utility2-comment -->\\n\\","\\n\\","\\n\\","\\n\\","<label>stderr and stdout</label>\\n\\","<textarea class=\"resettable\" id=\"outputTextareaStdout1\" readonly></textarea>\\n\\","<!-- utility2-comment\\n\\","{{#if isRollup}}\\n\\","<script src=\"assets.app.js\"></script>\\n\\","{{#unless isRollup}}\\n\\","utility2-comment -->\\n\\","<script src=\"assets.utility2.rollup.js\"></script>\\n\\","<script src=\"jsonp.utility2._stateInit?callback=window.utility2._stateInit\"></script>\\n\\","<script src=\"assets.npmtest_splittable.rollup.js\"></script>\\n\\","<script src=\"assets.example.js\"></script>\\n\\","<script src=\"assets.test.js\"></script>\\n\\","<!-- utility2-comment\\n\\","{{/if isRollup}}\\n\\","utility2-comment -->\\n\\","<div class=\"utility2FooterDiv\">\\n\\","    [ this app was created with\\n\\","    <a href=\"https://github.com/kaizhu256/node-utility2\" target=\"_blank\">utility2</a>\\n\\","    ]\\n\\","</div>\\n\\","</body>\\n\\","</html>\\n\\","';","        /* jslint-ignore-end */","        if (local.templateRender) {","            local.assetsDict['/'] = local.templateRender(","                local.assetsDict['/assets.index.template.html'],","                {","                    env: local.objectSetDefault(local.env, {","                        npm_package_description: 'the greatest app in the world!',","                        npm_package_name: 'my-app',","                        npm_package_nameAlias: 'my_app',","                        npm_package_version: '0.0.1'","                    })","                }","            );","        } else {","            local.assetsDict['/'] = local.assetsDict['/assets.index.template.html']","                .replace((/\\{\\{env\\.(\\w+?)\\}\\}/g), function (match0, match1) {","                    // jslint-hack","                    String(match0);","                    switch (match1) {","                    case 'npm_package_description':","                        return 'the greatest app in the world!';","                    case 'npm_package_name':","                        return 'my-app';","                    case 'npm_package_nameAlias':","                        return 'my_app';","                    case 'npm_package_version':","                        return '0.0.1';","                    }","                });","        }","        // run the cli","        if (local.global.utility2_rollup || module !== require.main) {","            break;","        }","        local.assetsDict['/assets.example.js'] =","            local.assetsDict['/assets.example.js'] ||","            local.fs.readFileSync(__filename, 'utf8');","        // bug-workaround - long $npm_package_buildCustomOrg","        /* jslint-ignore-begin */","        local.assetsDict['/assets.npmtest_splittable.rollup.js'] =","            local.assetsDict['/assets.npmtest_splittable.rollup.js'] ||","            local.fs.readFileSync(","                local.npmtest_splittable.__dirname + '/lib.npmtest_splittable.js',","                'utf8'","            ).replace((/^#!/), '//');","        /* jslint-ignore-end */","        local.assetsDict['/favicon.ico'] = local.assetsDict['/favicon.ico'] || '';","        // if $npm_config_timeout_exit exists,","        // then exit this process after $npm_config_timeout_exit ms","        if (Number(process.env.npm_config_timeout_exit)) {","            setTimeout(process.exit, Number(process.env.npm_config_timeout_exit));","        }","        // start server","        if (local.global.utility2_serverHttp1) {","            break;","        }","        process.env.PORT = process.env.PORT || '8081';","        console.error('server starting on port ' + process.env.PORT);","        local.http.createServer(function (request, response) {","            request.urlParsed = local.url.parse(request.url);","            if (local.assetsDict[request.urlParsed.pathname] !== undefined) {","                response.end(local.assetsDict[request.urlParsed.pathname]);","                return;","            }","            response.statusCode = 404;","            response.end();","        }).listen(process.env.PORT);","        break;","    }","}());",""],"l":{"26":2,"28":2,"33":2,"35":2,"37":2,"38":2,"39":2,"44":1,"51":2,"55":2,"59":2,"61":2,"69":1,"70":2,"76":2,"79":2,"82":2,"83":2,"85":1,"89":2,"92":1,"93":1,"94":1,"96":1,"97":1,"100":1,"101":1,"103":1,"106":1,"108":2,"114":1,"116":1,"118":1,"123":1,"124":2,"125":2,"126":3,"127":3,"128":3,"129":3,"130":1,"133":3,"134":3,"139":3,"143":1,"144":3,"145":1,"149":1,"150":1,"158":1,"160":1,"161":1,"162":1,"164":1,"166":1,"258":1,"259":1,"271":1,"274":6,"275":6,"277":1,"279":2,"281":1,"283":2,"288":1,"289":1,"291":1,"296":1,"303":1,"306":1,"307":1,"310":1,"311":1,"313":1,"314":1,"315":1,"316":1,"317":1,"318":1,"319":1,"321":1,"322":1,"324":1}},"/home/travis/build/npmtest/node-npmtest-splittable/node_modules/splittable/index.js":{"path":"/home/travis/build/npmtest/node-npmtest-splittable/node_modules/splittable/index.js","s":{"1":1},"b":{},"f":{},"fnMap":{},"statementMap":{"1":{"start":{"line":17,"column":0},"end":{"line":17,"column":52}}},"branchMap":{},"code":["/*"," * Copyright 2016 Malte Ubl."," *"," * Licensed under the Apache License, Version 2.0 (the \"License\");"," * you may not use this file except in compliance with the License."," * You may obtain a copy of the License at"," *"," *     http://www.apache.org/licenses/LICENSE-2.0"," *"," * Unless required by applicable law or agreed to in writing, software"," * distributed under the License is distributed on an \"AS IS\" BASIS,"," * WITHOUT WARRANTIES OR CONDITIONS OF ANY KIND, either express or implied."," * See the License for the specific language governing permissions and"," * limitations under the License."," */","","module.exports = require('./splittable').splittable;",""],"l":{"17":1}},"/home/travis/build/npmtest/node-npmtest-splittable/node_modules/splittable/splittable.js":{"path":"/home/travis/build/npmtest/node-npmtest-splittable/node_modules/splittable/splittable.js","s":{"1":1,"2":1,"3":1,"4":1,"5":1,"6":1,"7":1,"8":1,"9":1,"10":1,"11":1,"12":1,"13":1,"14":1,"15":0,"16":0,"17":0,"18":0,"19":0,"20":0,"21":0,"22":0,"23":1,"24":0,"25":0,"26":0,"27":0,"28":0,"29":0,"30":0,"31":0,"32":0,"33":0,"34":1,"35":0,"36":0,"37":0,"38":0,"39":0,"40":0,"41":0,"42":0,"43":0,"44":0,"45":0,"46":0,"47":0,"48":0,"49":0,"50":0,"51":0,"52":0,"53":0,"54":0,"55":0,"56":0,"57":0,"58":0,"59":0,"60":0,"61":0,"62":0,"63":0,"64":0,"65":0,"66":0,"67":0,"68":0,"69":0,"70":0,"71":0,"72":0,"73":0,"74":0,"75":1,"76":0,"77":0,"78":0,"79":0,"80":0,"81":0,"82":0,"83":0,"84":0,"85":0,"86":0,"87":0,"88":0,"89":0,"90":0,"91":0,"92":0,"93":0,"94":0,"95":0,"96":0,"97":0,"98":0,"99":0,"100":0,"101":0,"102":0,"103":0,"104":0,"105":0,"106":0,"107":0,"108":0,"109":0,"110":0,"111":0,"112":0,"113":0,"114":0,"115":0,"116":0,"117":0,"118":0,"119":0,"120":0,"121":0,"122":0,"123":0,"124":0,"125":0,"126":0,"127":0,"128":0,"129":0,"130":0,"131":0,"132":0,"133":0,"134":0,"135":0,"136":0,"137":0,"138":0,"139":0,"140":0,"141":0,"142":0,"143":0,"144":0,"145":0,"146":0,"147":0,"148":0,"149":0,"150":0,"151":1,"152":0,"153":0,"154":0,"155":0,"156":0,"157":0,"158":0,"159":0,"160":0,"161":0,"162":0,"163":0,"164":0,"165":0,"166":0,"167":0,"168":0,"169":0,"170":0,"171":0,"172":1,"173":1,"174":0,"175":0,"176":0,"177":0,"178":0,"179":1,"180":0,"181":0,"182":0,"183":0,"184":0,"185":0,"186":1,"187":0,"188":1,"189":0,"190":0,"191":0,"192":1,"193":1,"194":1,"195":1,"196":1},"b":{"1":[0,0],"2":[0,0],"3":[0,0],"4":[0,0],"5":[0,0],"6":[0,0],"7":[0,0],"8":[0,0],"9":[0,0],"10":[0,0],"11":[0,0],"12":[0,0],"13":[0,0],"14":[0,0],"15":[0,0],"16":[0,0],"17":[0,0],"18":[0,0],"19":[0,0],"20":[0,0],"21":[0,0],"22":[0,0],"23":[0,0],"24":[0,0],"25":[0,0],"26":[0,0],"27":[0,0],"28":[0,0],"29":[0,0],"30":[0,0],"31":[0,0],"32":[0,0],"33":[0,0],"34":[0,0],"35":[0,0],"36":[0,0],"37":[0,0],"38":[0,0]},"f":{"1":0,"2":0,"3":0,"4":0,"5":0,"6":0,"7":0,"8":0,"9":0,"10":0,"11":0,"12":0,"13":0,"14":0,"15":0,"16":0,"17":0,"18":0,"19":0,"20":0,"21":0,"22":0,"23":0,"24":0,"25":0,"26":0,"27":0,"28":0,"29":0,"30":0,"31":0,"32":0,"33":0,"34":0,"35":0,"36":0,"37":0},"fnMap":{"1":{"name":"(anonymous_1)","line":34,"loc":{"start":{"line":34,"column":21},"end":{"line":34,"column":38}}},"2":{"name":"(anonymous_2)","line":42,"loc":{"start":{"line":42,"column":39},"end":{"line":42,"column":60}}},"3":{"name":"(anonymous_3)","line":43,"loc":{"start":{"line":43,"column":23},"end":{"line":43,"column":49}}},"4":{"name":"(anonymous_4)","line":44,"loc":{"start":{"line":44,"column":42},"end":{"line":44,"column":77}}},"5":{"name":"(anonymous_5)","line":61,"loc":{"start":{"line":61,"column":19},"end":{"line":61,"column":36}}},"6":{"name":"(anonymous_6)","line":92,"loc":{"start":{"line":92,"column":36},"end":{"line":92,"column":51}}},"7":{"name":"(anonymous_7)","line":95,"loc":{"start":{"line":95,"column":18},"end":{"line":95,"column":33}}},"8":{"name":"(anonymous_8)","line":103,"loc":{"start":{"line":103,"column":55},"end":{"line":103,"column":67}}},"9":{"name":"(anonymous_9)","line":109,"loc":{"start":{"line":109,"column":25},"end":{"line":109,"column":37}}},"10":{"name":"(anonymous_10)","line":116,"loc":{"start":{"line":116,"column":41},"end":{"line":116,"column":59}}},"11":{"name":"(anonymous_11)","line":123,"loc":{"start":{"line":123,"column":28},"end":{"line":123,"column":43}}},"12":{"name":"(anonymous_12)","line":131,"loc":{"start":{"line":131,"column":48},"end":{"line":131,"column":63}}},"13":{"name":"(anonymous_13)","line":137,"loc":{"start":{"line":137,"column":27},"end":{"line":137,"column":40}}},"14":{"name":"(anonymous_14)","line":188,"loc":{"start":{"line":188,"column":19},"end":{"line":188,"column":50}}},"15":{"name":"(anonymous_15)","line":191,"loc":{"start":{"line":191,"column":28},"end":{"line":191,"column":47}}},"16":{"name":"(anonymous_16)","line":246,"loc":{"start":{"line":246,"column":18},"end":{"line":246,"column":32}}},"17":{"name":"(anonymous_17)","line":250,"loc":{"start":{"line":250,"column":44},"end":{"line":250,"column":60}}},"18":{"name":"(anonymous_18)","line":288,"loc":{"start":{"line":288,"column":20},"end":{"line":288,"column":33}}},"19":{"name":"(anonymous_19)","line":290,"loc":{"start":{"line":290,"column":26},"end":{"line":290,"column":53}}},"20":{"name":"(anonymous_20)","line":309,"loc":{"start":{"line":309,"column":42},"end":{"line":309,"column":67}}},"21":{"name":"(anonymous_21)","line":315,"loc":{"start":{"line":315,"column":23},"end":{"line":315,"column":34}}},"22":{"name":"(anonymous_22)","line":317,"loc":{"start":{"line":317,"column":20},"end":{"line":317,"column":35}}},"23":{"name":"(anonymous_23)","line":319,"loc":{"start":{"line":319,"column":15},"end":{"line":319,"column":29}}},"24":{"name":"(anonymous_24)","line":323,"loc":{"start":{"line":323,"column":62},"end":{"line":323,"column":76}}},"25":{"name":"(anonymous_25)","line":340,"loc":{"start":{"line":340,"column":21},"end":{"line":340,"column":35}}},"26":{"name":"(anonymous_26)","line":345,"loc":{"start":{"line":345,"column":38},"end":{"line":345,"column":51}}},"27":{"name":"(anonymous_27)","line":346,"loc":{"start":{"line":346,"column":24},"end":{"line":346,"column":38}}},"28":{"name":"setupBundles","line":359,"loc":{"start":{"line":359,"column":0},"end":{"line":359,"column":29}}},"29":{"name":"(anonymous_29)","line":362,"loc":{"start":{"line":362,"column":45},"end":{"line":362,"column":58}}},"30":{"name":"(anonymous_30)","line":363,"loc":{"start":{"line":363,"column":27},"end":{"line":363,"column":41}}},"31":{"name":"(anonymous_31)","line":364,"loc":{"start":{"line":364,"column":46},"end":{"line":364,"column":62}}},"32":{"name":"(anonymous_32)","line":373,"loc":{"start":{"line":373,"column":23},"end":{"line":373,"column":36}}},"33":{"name":"(anonymous_33)","line":378,"loc":{"start":{"line":378,"column":44},"end":{"line":378,"column":60}}},"34":{"name":"(anonymous_34)","line":414,"loc":{"start":{"line":414,"column":24},"end":{"line":414,"column":37}}},"35":{"name":"bundleTrailModule","line":423,"loc":{"start":{"line":423,"column":0},"end":{"line":423,"column":33}}},"36":{"name":"unifyPath","line":438,"loc":{"start":{"line":438,"column":0},"end":{"line":438,"column":23}}},"37":{"name":"findPackageJson","line":447,"loc":{"start":{"line":447,"column":0},"end":{"line":447,"column":37}}}},"statementMap":{"1":{"start":{"line":17,"column":0},"end":{"line":17,"column":66}},"2":{"start":{"line":18,"column":0},"end":{"line":18,"column":34}},"3":{"start":{"line":19,"column":0},"end":{"line":19,"column":32}},"4":{"start":{"line":20,"column":0},"end":{"line":20,"column":39}},"5":{"start":{"line":21,"column":0},"end":{"line":21,"column":34}},"6":{"start":{"line":22,"column":0},"end":{"line":22,"column":34}},"7":{"start":{"line":23,"column":0},"end":{"line":23,"column":44}},"8":{"start":{"line":24,"column":0},"end":{"line":24,"column":27}},"9":{"start":{"line":25,"column":0},"end":{"line":25,"column":23}},"10":{"start":{"line":26,"column":0},"end":{"line":26,"column":31}},"11":{"start":{"line":27,"column":0},"end":{"line":27,"column":47}},"12":{"start":{"line":28,"column":0},"end":{"line":28,"column":52}},"13":{"start":{"line":31,"column":0},"end":{"line":32,"column":72}},"14":{"start":{"line":34,"column":0},"end":{"line":58,"column":2}},"15":{"start":{"line":36,"column":2},"end":{"line":40,"column":3}},"16":{"start":{"line":37,"column":4},"end":{"line":39,"column":60}},"17":{"start":{"line":42,"column":2},"end":{"line":57,"column":5}},"18":{"start":{"line":43,"column":4},"end":{"line":56,"column":6}},"19":{"start":{"line":44,"column":6},"end":{"line":55,"column":9}},"20":{"start":{"line":45,"column":8},"end":{"line":54,"column":9}},"21":{"start":{"line":46,"column":10},"end":{"line":48,"column":13}},"22":{"start":{"line":50,"column":10},"end":{"line":53,"column":27}},"23":{"start":{"line":61,"column":0},"end":{"line":107,"column":2}},"24":{"start":{"line":63,"column":2},"end":{"line":88,"column":4}},"25":{"start":{"line":91,"column":2},"end":{"line":91,"column":22}},"26":{"start":{"line":92,"column":2},"end":{"line":101,"column":5}},"27":{"start":{"line":93,"column":4},"end":{"line":93,"column":26}},"28":{"start":{"line":94,"column":4},"end":{"line":100,"column":5}},"29":{"start":{"line":95,"column":6},"end":{"line":97,"column":8}},"30":{"start":{"line":96,"column":8},"end":{"line":96,"column":43}},"31":{"start":{"line":99,"column":6},"end":{"line":99,"column":40}},"32":{"start":{"line":103,"column":2},"end":{"line":106,"column":5}},"33":{"start":{"line":104,"column":4},"end":{"line":105,"column":47}},"34":{"start":{"line":109,"column":0},"end":{"line":180,"column":1}},"35":{"start":{"line":110,"column":2},"end":{"line":110,"column":22}},"36":{"start":{"line":115,"column":2},"end":{"line":115,"column":23}},"37":{"start":{"line":116,"column":2},"end":{"line":119,"column":5}},"38":{"start":{"line":117,"column":4},"end":{"line":117,"column":37}},"39":{"start":{"line":118,"column":4},"end":{"line":118,"column":19}},"40":{"start":{"line":122,"column":2},"end":{"line":122,"column":42}},"41":{"start":{"line":123,"column":2},"end":{"line":175,"column":5}},"42":{"start":{"line":124,"column":4},"end":{"line":124,"column":33}},"43":{"start":{"line":125,"column":4},"end":{"line":125,"column":25}},"44":{"start":{"line":126,"column":4},"end":{"line":126,"column":33}},"45":{"start":{"line":127,"column":4},"end":{"line":135,"column":5}},"46":{"start":{"line":128,"column":6},"end":{"line":129,"column":41}},"47":{"start":{"line":130,"column":6},"end":{"line":130,"column":21}},"48":{"start":{"line":131,"column":6},"end":{"line":134,"column":9}},"49":{"start":{"line":132,"column":8},"end":{"line":132,"column":38}},"50":{"start":{"line":133,"column":8},"end":{"line":133,"column":23}},"51":{"start":{"line":137,"column":4},"end":{"line":142,"column":7}},"52":{"start":{"line":138,"column":6},"end":{"line":140,"column":7}},"53":{"start":{"line":139,"column":8},"end":{"line":139,"column":31}},"54":{"start":{"line":141,"column":6},"end":{"line":141,"column":34}},"55":{"start":{"line":143,"column":4},"end":{"line":146,"column":5}},"56":{"start":{"line":144,"column":6},"end":{"line":144,"column":62}},"57":{"start":{"line":145,"column":6},"end":{"line":145,"column":21}},"58":{"start":{"line":148,"column":4},"end":{"line":151,"column":5}},"59":{"start":{"line":149,"column":6},"end":{"line":149,"column":35}},"60":{"start":{"line":150,"column":6},"end":{"line":150,"column":23}},"61":{"start":{"line":153,"column":4},"end":{"line":155,"column":33}},"62":{"start":{"line":157,"column":4},"end":{"line":157,"column":66}},"63":{"start":{"line":159,"column":4},"end":{"line":161,"column":5}},"64":{"start":{"line":160,"column":6},"end":{"line":160,"column":22}},"65":{"start":{"line":162,"column":4},"end":{"line":162,"column":37}},"66":{"start":{"line":163,"column":4},"end":{"line":174,"column":5}},"67":{"start":{"line":164,"column":6},"end":{"line":170,"column":7}},"68":{"start":{"line":165,"column":8},"end":{"line":166,"column":39}},"69":{"start":{"line":168,"column":8},"end":{"line":169,"column":35}},"70":{"start":{"line":172,"column":6},"end":{"line":173,"column":36}},"71":{"start":{"line":176,"column":2},"end":{"line":176,"column":73}},"72":{"start":{"line":177,"column":2},"end":{"line":177,"column":69}},"73":{"start":{"line":178,"column":2},"end":{"line":178,"column":44}},"74":{"start":{"line":179,"column":2},"end":{"line":179,"column":20}},"75":{"start":{"line":188,"column":0},"end":{"line":357,"column":1}},"76":{"start":{"line":189,"column":2},"end":{"line":189,"column":14}},"77":{"start":{"line":190,"column":2},"end":{"line":190,"column":13}},"78":{"start":{"line":191,"column":2},"end":{"line":194,"column":5}},"79":{"start":{"line":192,"column":4},"end":{"line":192,"column":18}},"80":{"start":{"line":193,"column":4},"end":{"line":193,"column":17}},"81":{"start":{"line":195,"column":2},"end":{"line":195,"column":37}},"82":{"start":{"line":196,"column":2},"end":{"line":218,"column":4}},"83":{"start":{"line":220,"column":2},"end":{"line":220,"column":36}},"84":{"start":{"line":223,"column":2},"end":{"line":244,"column":5}},"85":{"start":{"line":246,"column":2},"end":{"line":285,"column":5}},"86":{"start":{"line":247,"column":4},"end":{"line":249,"column":5}},"87":{"start":{"line":248,"column":6},"end":{"line":248,"column":13}},"88":{"start":{"line":250,"column":4},"end":{"line":284,"column":7}},"89":{"start":{"line":251,"column":6},"end":{"line":255,"column":7}},"90":{"start":{"line":252,"column":8},"end":{"line":254,"column":61}},"91":{"start":{"line":256,"column":6},"end":{"line":261,"column":7}},"92":{"start":{"line":257,"column":8},"end":{"line":260,"column":53}},"93":{"start":{"line":262,"column":6},"end":{"line":263,"column":59}},"94":{"start":{"line":264,"column":6},"end":{"line":265,"column":48}},"95":{"start":{"line":266,"column":6},"end":{"line":268,"column":7}},"96":{"start":{"line":267,"column":8},"end":{"line":267,"column":29}},"97":{"start":{"line":269,"column":6},"end":{"line":269,"column":49}},"98":{"start":{"line":270,"column":6},"end":{"line":272,"column":7}},"99":{"start":{"line":271,"column":8},"end":{"line":271,"column":15}},"100":{"start":{"line":273,"column":6},"end":{"line":273,"column":41}},"101":{"start":{"line":274,"column":6},"end":{"line":274,"column":42}},"102":{"start":{"line":275,"column":6},"end":{"line":277,"column":36}},"103":{"start":{"line":278,"column":6},"end":{"line":280,"column":7}},"104":{"start":{"line":279,"column":8},"end":{"line":279,"column":15}},"105":{"start":{"line":281,"column":6},"end":{"line":281,"column":42}},"106":{"start":{"line":282,"column":6},"end":{"line":283,"column":74}},"107":{"start":{"line":287,"column":2},"end":{"line":287,"column":25}},"108":{"start":{"line":288,"column":2},"end":{"line":304,"column":5}},"109":{"start":{"line":289,"column":4},"end":{"line":303,"column":5}},"110":{"start":{"line":290,"column":6},"end":{"line":302,"column":9}},"111":{"start":{"line":291,"column":8},"end":{"line":293,"column":9}},"112":{"start":{"line":292,"column":10},"end":{"line":292,"column":17}},"113":{"start":{"line":294,"column":8},"end":{"line":294,"column":39}},"114":{"start":{"line":295,"column":8},"end":{"line":295,"column":57}},"115":{"start":{"line":298,"column":8},"end":{"line":298,"column":66}},"116":{"start":{"line":299,"column":8},"end":{"line":299,"column":42}},"117":{"start":{"line":300,"column":8},"end":{"line":300,"column":46}},"118":{"start":{"line":301,"column":8},"end":{"line":301,"column":45}},"119":{"start":{"line":308,"column":2},"end":{"line":308,"column":22}},"120":{"start":{"line":309,"column":2},"end":{"line":313,"column":6}},"121":{"start":{"line":310,"column":4},"end":{"line":310,"column":22}},"122":{"start":{"line":311,"column":4},"end":{"line":311,"column":25}},"123":{"start":{"line":312,"column":4},"end":{"line":312,"column":11}},"124":{"start":{"line":315,"column":2},"end":{"line":355,"column":41}},"125":{"start":{"line":316,"column":4},"end":{"line":316,"column":19}},"126":{"start":{"line":317,"column":4},"end":{"line":344,"column":7}},"127":{"start":{"line":318,"column":6},"end":{"line":318,"column":25}},"128":{"start":{"line":320,"column":6},"end":{"line":321,"column":48}},"129":{"start":{"line":322,"column":6},"end":{"line":322,"column":27}},"130":{"start":{"line":323,"column":6},"end":{"line":335,"column":9}},"131":{"start":{"line":324,"column":8},"end":{"line":324,"column":34}},"132":{"start":{"line":325,"column":8},"end":{"line":325,"column":81}},"133":{"start":{"line":328,"column":8},"end":{"line":333,"column":9}},"134":{"start":{"line":329,"column":10},"end":{"line":329,"column":51}},"135":{"start":{"line":330,"column":10},"end":{"line":332,"column":11}},"136":{"start":{"line":331,"column":12},"end":{"line":331,"column":47}},"137":{"start":{"line":334,"column":8},"end":{"line":334,"column":28}},"138":{"start":{"line":336,"column":6},"end":{"line":336,"column":28}},"139":{"start":{"line":337,"column":6},"end":{"line":343,"column":7}},"140":{"start":{"line":338,"column":8},"end":{"line":338,"column":29}},"141":{"start":{"line":339,"column":8},"end":{"line":339,"column":35}},"142":{"start":{"line":340,"column":8},"end":{"line":342,"column":11}},"143":{"start":{"line":341,"column":10},"end":{"line":341,"column":38}},"144":{"start":{"line":345,"column":4},"end":{"line":349,"column":7}},"145":{"start":{"line":346,"column":6},"end":{"line":348,"column":8}},"146":{"start":{"line":347,"column":8},"end":{"line":347,"column":30}},"147":{"start":{"line":350,"column":4},"end":{"line":350,"column":60}},"148":{"start":{"line":352,"column":4},"end":{"line":352,"column":24}},"149":{"start":{"line":354,"column":4},"end":{"line":354,"column":19}},"150":{"start":{"line":356,"column":2},"end":{"line":356,"column":17}},"151":{"start":{"line":359,"column":0},"end":{"line":405,"column":1}},"152":{"start":{"line":362,"column":2},"end":{"line":370,"column":5}},"153":{"start":{"line":363,"column":4},"end":{"line":369,"column":7}},"154":{"start":{"line":364,"column":6},"end":{"line":368,"column":9}},"155":{"start":{"line":365,"column":8},"end":{"line":367,"column":9}},"156":{"start":{"line":366,"column":10},"end":{"line":366,"column":41}},"157":{"start":{"line":373,"column":2},"end":{"line":399,"column":5}},"158":{"start":{"line":374,"column":4},"end":{"line":374,"column":26}},"159":{"start":{"line":376,"column":4},"end":{"line":376,"column":13}},"160":{"start":{"line":378,"column":4},"end":{"line":383,"column":6}},"161":{"start":{"line":379,"column":6},"end":{"line":382,"column":7}},"162":{"start":{"line":380,"column":8},"end":{"line":380,"column":24}},"163":{"start":{"line":381,"column":8},"end":{"line":381,"column":21}},"164":{"start":{"line":384,"column":4},"end":{"line":386,"column":36}},"165":{"start":{"line":388,"column":4},"end":{"line":390,"column":5}},"166":{"start":{"line":389,"column":6},"end":{"line":389,"column":21}},"167":{"start":{"line":391,"column":4},"end":{"line":397,"column":5}},"168":{"start":{"line":392,"column":6},"end":{"line":396,"column":8}},"169":{"start":{"line":398,"column":4},"end":{"line":398,"column":41}},"170":{"start":{"line":402,"column":2},"end":{"line":404,"column":3}},"171":{"start":{"line":403,"column":4},"end":{"line":403,"column":31}},"172":{"start":{"line":407,"column":0},"end":{"line":412,"column":2}},"173":{"start":{"line":414,"column":0},"end":{"line":421,"column":1}},"174":{"start":{"line":415,"column":2},"end":{"line":415,"column":53}},"175":{"start":{"line":416,"column":2},"end":{"line":416,"column":74}},"176":{"start":{"line":417,"column":2},"end":{"line":419,"column":3}},"177":{"start":{"line":418,"column":4},"end":{"line":418,"column":15}},"178":{"start":{"line":420,"column":2},"end":{"line":420,"column":12}},"179":{"start":{"line":423,"column":0},"end":{"line":436,"column":1}},"180":{"start":{"line":424,"column":2},"end":{"line":426,"column":3}},"181":{"start":{"line":425,"column":4},"end":{"line":425,"column":39}},"182":{"start":{"line":427,"column":2},"end":{"line":429,"column":5}},"183":{"start":{"line":431,"column":2},"end":{"line":433,"column":72}},"184":{"start":{"line":434,"column":2},"end":{"line":434,"column":41}},"185":{"start":{"line":435,"column":2},"end":{"line":435,"column":47}},"186":{"start":{"line":438,"column":0},"end":{"line":440,"column":1}},"187":{"start":{"line":439,"column":2},"end":{"line":439,"column":38}},"188":{"start":{"line":447,"column":0},"end":{"line":453,"column":1}},"189":{"start":{"line":448,"column":2},"end":{"line":450,"column":3}},"190":{"start":{"line":449,"column":4},"end":{"line":449,"column":16}},"191":{"start":{"line":451,"column":2},"end":{"line":452,"column":57}},"192":{"start":{"line":455,"column":0},"end":{"line":480,"column":12}},"193":{"start":{"line":482,"column":0},"end":{"line":482,"column":40}},"194":{"start":{"line":484,"column":0},"end":{"line":485,"column":45}},"195":{"start":{"line":490,"column":0},"end":{"line":500,"column":44}},"196":{"start":{"line":503,"column":0},"end":{"line":505,"column":44}}},"branchMap":{"1":{"line":36,"type":"if","locations":[{"start":{"line":36,"column":2},"end":{"line":36,"column":2}},{"start":{"line":36,"column":2},"end":{"line":36,"column":2}}]},"2":{"line":36,"type":"binary-expr","locations":[{"start":{"line":36,"column":6},"end":{"line":36,"column":13}},{"start":{"line":36,"column":17},"end":{"line":36,"column":32}}]},"3":{"line":45,"type":"if","locations":[{"start":{"line":45,"column":8},"end":{"line":45,"column":8}},{"start":{"line":45,"column":8},"end":{"line":45,"column":8}}]},"4":{"line":47,"type":"cond-expr","locations":[{"start":{"line":47,"column":40},"end":{"line":47,"column":46}},{"start":{"line":47,"column":49},"end":{"line":47,"column":53}}]},"5":{"line":78,"type":"binary-expr","locations":[{"start":{"line":78,"column":31},"end":{"line":78,"column":45}},{"start":{"line":78,"column":49},"end":{"line":78,"column":55}}]},"6":{"line":94,"type":"if","locations":[{"start":{"line":94,"column":4},"end":{"line":94,"column":4}},{"start":{"line":94,"column":4},"end":{"line":94,"column":4}}]},"7":{"line":127,"type":"if","locations":[{"start":{"line":127,"column":4},"end":{"line":127,"column":4}},{"start":{"line":127,"column":4},"end":{"line":127,"column":4}}]},"8":{"line":127,"type":"binary-expr","locations":[{"start":{"line":127,"column":8},"end":{"line":127,"column":14}},{"start":{"line":127,"column":18},"end":{"line":127,"column":40}}]},"9":{"line":138,"type":"if","locations":[{"start":{"line":138,"column":6},"end":{"line":138,"column":6}},{"start":{"line":138,"column":6},"end":{"line":138,"column":6}}]},"10":{"line":143,"type":"if","locations":[{"start":{"line":143,"column":4},"end":{"line":143,"column":4}},{"start":{"line":143,"column":4},"end":{"line":143,"column":4}}]},"11":{"line":143,"type":"binary-expr","locations":[{"start":{"line":143,"column":8},"end":{"line":143,"column":15}},{"start":{"line":143,"column":19},"end":{"line":143,"column":40}}]},"12":{"line":148,"type":"if","locations":[{"start":{"line":148,"column":4},"end":{"line":148,"column":4}},{"start":{"line":148,"column":4},"end":{"line":148,"column":4}}]},"13":{"line":159,"type":"if","locations":[{"start":{"line":159,"column":4},"end":{"line":159,"column":4}},{"start":{"line":159,"column":4},"end":{"line":159,"column":4}}]},"14":{"line":159,"type":"binary-expr","locations":[{"start":{"line":159,"column":8},"end":{"line":159,"column":15}},{"start":{"line":159,"column":19},"end":{"line":159,"column":34}}]},"15":{"line":163,"type":"if","locations":[{"start":{"line":163,"column":4},"end":{"line":163,"column":4}},{"start":{"line":163,"column":4},"end":{"line":163,"column":4}}]},"16":{"line":164,"type":"if","locations":[{"start":{"line":164,"column":6},"end":{"line":164,"column":6}},{"start":{"line":164,"column":6},"end":{"line":164,"column":6}}]},"17":{"line":220,"type":"binary-expr","locations":[{"start":{"line":220,"column":17},"end":{"line":220,"column":29}},{"start":{"line":220,"column":33},"end":{"line":220,"column":35}}]},"18":{"line":232,"type":"binary-expr","locations":[{"start":{"line":232,"column":13},"end":{"line":232,"column":33}},{"start":{"line":232,"column":37},"end":{"line":234,"column":5}}]},"19":{"line":247,"type":"if","locations":[{"start":{"line":247,"column":4},"end":{"line":247,"column":4}},{"start":{"line":247,"column":4},"end":{"line":247,"column":4}}]},"20":{"line":251,"type":"if","locations":[{"start":{"line":251,"column":6},"end":{"line":251,"column":6}},{"start":{"line":251,"column":6},"end":{"line":251,"column":6}}]},"21":{"line":256,"type":"if","locations":[{"start":{"line":256,"column":6},"end":{"line":256,"column":6}},{"start":{"line":256,"column":6},"end":{"line":256,"column":6}}]},"22":{"line":266,"type":"if","locations":[{"start":{"line":266,"column":6},"end":{"line":266,"column":6}},{"start":{"line":266,"column":6},"end":{"line":266,"column":6}}]},"23":{"line":270,"type":"if","locations":[{"start":{"line":270,"column":6},"end":{"line":270,"column":6}},{"start":{"line":270,"column":6},"end":{"line":270,"column":6}}]},"24":{"line":278,"type":"if","locations":[{"start":{"line":278,"column":6},"end":{"line":278,"column":6}},{"start":{"line":278,"column":6},"end":{"line":278,"column":6}}]},"25":{"line":289,"type":"if","locations":[{"start":{"line":289,"column":4},"end":{"line":289,"column":4}},{"start":{"line":289,"column":4},"end":{"line":289,"column":4}}]},"26":{"line":291,"type":"if","locations":[{"start":{"line":291,"column":8},"end":{"line":291,"column":8}},{"start":{"line":291,"column":8},"end":{"line":291,"column":8}}]},"27":{"line":328,"type":"if","locations":[{"start":{"line":328,"column":8},"end":{"line":328,"column":8}},{"start":{"line":328,"column":8},"end":{"line":328,"column":8}}]},"28":{"line":330,"type":"if","locations":[{"start":{"line":330,"column":10},"end":{"line":330,"column":10}},{"start":{"line":330,"column":10},"end":{"line":330,"column":10}}]},"29":{"line":337,"type":"if","locations":[{"start":{"line":337,"column":6},"end":{"line":337,"column":6}},{"start":{"line":337,"column":6},"end":{"line":337,"column":6}}]},"30":{"line":365,"type":"if","locations":[{"start":{"line":365,"column":8},"end":{"line":365,"column":8}},{"start":{"line":365,"column":8},"end":{"line":365,"column":8}}]},"31":{"line":379,"type":"if","locations":[{"start":{"line":379,"column":6},"end":{"line":379,"column":6}},{"start":{"line":379,"column":6},"end":{"line":379,"column":6}}]},"32":{"line":388,"type":"if","locations":[{"start":{"line":388,"column":4},"end":{"line":388,"column":4}},{"start":{"line":388,"column":4},"end":{"line":388,"column":4}}]},"33":{"line":391,"type":"if","locations":[{"start":{"line":391,"column":4},"end":{"line":391,"column":4}},{"start":{"line":391,"column":4},"end":{"line":391,"column":4}}]},"34":{"line":402,"type":"if","locations":[{"start":{"line":402,"column":2},"end":{"line":402,"column":2}},{"start":{"line":402,"column":2},"end":{"line":402,"column":2}}]},"35":{"line":416,"type":"cond-expr","locations":[{"start":{"line":416,"column":35},"end":{"line":416,"column":66}},{"start":{"line":416,"column":69},"end":{"line":416,"column":73}}]},"36":{"line":417,"type":"if","locations":[{"start":{"line":417,"column":2},"end":{"line":417,"column":2}},{"start":{"line":417,"column":2},"end":{"line":417,"column":2}}]},"37":{"line":424,"type":"if","locations":[{"start":{"line":424,"column":2},"end":{"line":424,"column":2}},{"start":{"line":424,"column":2},"end":{"line":424,"column":2}}]},"38":{"line":448,"type":"if","locations":[{"start":{"line":448,"column":2},"end":{"line":448,"column":2}},{"start":{"line":448,"column":2},"end":{"line":448,"column":2}}]}},"code":["/*"," * Copyright 2016 Malte Ubl."," *"," * Licensed under the Apache License, Version 2.0 (the \"License\");"," * you may not use this file except in compliance with the License."," * You may obtain a copy of the License at"," *"," *     http://www.apache.org/licenses/LICENSE-2.0"," *"," * Unless required by applicable law or agreed to in writing, software"," * distributed under the License is distributed on an \"AS IS\" BASIS,"," * WITHOUT WARRANTIES OR CONDITIONS OF ANY KIND, either express or implied."," * See the License for the specific language governing permissions and"," * limitations under the License."," */","","var ClosureCompiler = require('google-closure-compiler').compiler;","var Promise = require('bluebird');","var babel = require('babelify');","var browserify = require('browserify');","var through = require('through2');","var devnull = require('dev-null');","var relativePath = require('path').relative;","var path = require('path');","var fs = require('fs');","var mkpath = require('mkpath');","var findPackageJsonPath = require('find-root');","const TopologicalSort = require('topological-sort');","","// Override to local closure compiler JAR","ClosureCompiler.JAR_PATH = require.resolve(","    './third_party/closure-compiler/closure-compiler-1.0-SNAPSHOT.jar');","","exports.splittable = function(config) {","","  if (!config || !config.modules) {","    return Promise.reject(","        new Error('Pass an array of entry modules via modules option. ' +","            'Example: {modules: [\"./first\", \"./second\"]}'));","  }","","  return exports.getFlags(config).then(function(flagsArray) {","    return new Promise(function(resolve, reject) {","      new ClosureCompiler(flagsArray).run(function(exitCode, stdOut, stdErr) {","        if (exitCode == 0) {","          resolve({","            warnings: config.warnings ? stdErr : null,","          });","        } else {","          reject(","              new Error('Closure compiler compilation of bundles failed.\\n' +","                  stdOut + '\\n' +","                  stdErr));","        }","      });","    })","  });","};","","","exports.getFlags = function(config) {","  // Reasonable defaults.","  var flags = {","    compilation_level: 'ADVANCED',","    process_common_js_modules: true,","    rewrite_polyfills: true,","    create_source_map: '%outname%.map',","    parse_inline_source_maps: true,","    apply_input_source_maps: true,","    source_map_location_mapping: [","      'splittable-build/transformed/|/',","      'splittable-build/browser/|/',","      '|/',","    ],","    new_type_inf: true,","    language_in: 'ES6',","    language_out: 'ES5',","    module_output_path_prefix: config.writeTo || 'out/',","    externs: path.dirname(module.filename) + '/splittable.extern.js',","    jscomp_off: [","      'accessControls',","      'globalThis',","      'misplacedTypeAnnotation',","      'nonStandardJsDocs',","      'suspiciousCode',","      'uselessCode',","    ],","  };","","  // Turn object into deterministically sorted array.","  var flagsArray = [];","  Object.keys(flags).sort().forEach(function(flag) {","    var val = flags[flag];","    if (val instanceof Array) {","      val.forEach(function(item) {","        flagsArray.push('--' + flag, item);","      })","    } else {","      flagsArray.push('--' + flag, val);","    }","  });","","  return exports.getGraph(config.modules, config).then(function(g) {","    return flagsArray.concat(","        exports.getBundleFlags(g, flagsArray));","  });","};","","exports.getBundleFlags = function(g) {","  var flagsArray = [];","","  // Write all the packages (directories with a package.json) as --js","  // inputs to the flags. Closure compiler reads the packages to resolve","  // non-relative module names.","  var packageCount = 0;","  Object.keys(g.packages).sort().forEach(function(package) {","    flagsArray.push('--js', package);","    packageCount++;","  });","  // Build up the weird flag structure that closure compiler calls","  // modules and we call bundles.","  var bundleKeys = Object.keys(g.bundles);","  bundleKeys.sort().forEach(function(name) {","    var isBase = name == '_base';","    var extraModules = 0;","    var bundle = g.bundles[name];","    if (isBase || bundleKeys.length == 1) {","      flagsArray.push('--js', relativePath(process.cwd(),","          require.resolve('./base.js')));","      extraModules++;","      Object.keys(g.browserMask).sort().forEach(function(mask) {","        flagsArray.push('--js', mask);","        extraModules++;","      });","    }","    // In each bundle, first list JS files that belong into it.","    bundle.modules.forEach(function(js) {","      if (g.transformed[js]) {","        js = g.transformed[js];","      }","      flagsArray.push('--js', js);","    });","    if (!isBase && bundleKeys.length > 1) {","      flagsArray.push('--js', bundleTrailModule(bundle.name));","      extraModules++;","    }","    // The packages count as inputs to the first module.","    if (packageCount) {","      extraModules += packageCount;","      packageCount = 0;","    }","    // Replace directory separator with - in bundle filename","    var name = bundle.name","        .replace(/\\.js$/g, '')","        .replace(/[\\/\\\\]/g, '-');","    // And now build --module $name:$numberOfJsFiles:$bundleDeps","    var cmd = name + ':' + (bundle.modules.length + extraModules);","    // All non _base bundles depend on _base.","    if (!isBase && g.bundles._base) {","      cmd += ':_base';","    }","    flagsArray.push('--module', cmd);","    if (bundleKeys.length > 1) {","      if (isBase) {","        flagsArray.push('--module_wrapper', name + ':' +","            exports.baseBundleWrapper);","      } else {","        flagsArray.push('--module_wrapper', name + ':' +","            exports.bundleWrapper);","      }","    } else {","      flagsArray.push('--module_wrapper', name + ':' +","            exports.defaultWrapper);","    }","  });","  flagsArray.push('--js_module_root', './splittable-build/transformed/');","  flagsArray.push('--js_module_root', './splittable-build/browser/');","  flagsArray.push('--js_module_root', './');","  return flagsArray;","}","","/**"," * Produces a graph based on the dependencies of the entry modules."," * @param {!Array<string>} entryModules"," * @return {!Promise<{bundles: !Object}>} A Promise for bundle definitions."," * @visibleForTesting"," */","exports.getGraph = function(entryModules, config) {","  var resolve;","  var reject;","  var promise = new Promise(function(res, rej) {","    resolve = res;","    reject = rej;","  });","  var topo = new TopologicalSort({});","  var graph = {","    entryModules: entryModules,","    // Lookup whether a module is a dep of a given entry module","    depOf: {},","    // Map of module id to its deps array.","    deps: {},","    // Topological sorted array of all deps.","    sorted: undefined,","    // Generated bundles","    bundles: {","      // We always have a _base bundle.","      _base: {","        isBase: true,","        name: '_base',","        // The modules in the bundle.","        modules: [],","      },","    },","    packages: {},","    // Map of original to transformed filename.","    transformed: {},","    browserMask: {},","  };","","  config.babel = config.babel || {};","","  // Use browserify with babel to learn about deps.","  var b = browserify(entryModules, {","    debug: true,","    deps: true,","    detectGlobals: false,","  })","  // We register 2 separate transforms. The initial stage are","  // transforms that closure compiler does not support.","  .transform(babel, {","    babelrc: !!config.babel.babelrc,","    plugins: config.babel.plugins || [","      require.resolve(\"babel-plugin-transform-react-jsx\"),","    ],","    presets: config.babel.presets,","  }).","  // The second stage are transforms that closure compiler supports","  // directly and which we don't want to apply during deps finding.","  transform(babel, {","    babelrc: false,","    plugins: [","      require.resolve(\"babel-plugin-transform-es2015-modules-commonjs\"),","    ]","  });","","  b.on('package', function(pkg) {","    if (!pkg.browser) {","      return;","    }","    Object.keys(pkg.browser).sort().forEach(function(entry) {","      if (/^\\./.test(entry)) {","        throw new Error(","            'Relative entries in package.json#browser not yet supported: ' +","            entry + ' [' + pkg.__dirname + '.package.json]');","      }","      if (pkg.browser[entry] !== false) {","        throw new Error(","            'Only masking of entire modules via false supported in ' +","            'package.json#browser:' + entry +","            ' [' + pkg.__dirname + '.package.json]');","      }","      var filename =","          'splittable-build/browser/node_modules/' + entry;","      var maskedPkg = 'splittable-build/browser/node_modules/' +","          entry.split('/')[0] + '/package.json';","      if (!/\\//.test(entry)) {","        filename += '/index';","      }","      filename = exports.maybeAddDotJs(filename);","      if (graph.browserMask[filename]) {","        return;","      }","      graph.browserMask[filename] = true;","      mkpath.sync(path.dirname(filename));","      fs.writeFileSync(filename,","          '// Generated to mask module via package.json#browser.\\n' +","          'module.exports = {};\\n');","      if (graph.browserMask[pkg]) {","        return;","      }","      graph.browserMask[maskedPkg] = true;","      fs.writeFileSync(maskedPkg,","          '{\"Generated to mask module via package.json#browser\":true}\\n');","    });","  });","  // TODO: Replace with proper plugin system.","  var seenTransform = {};","  b.on('transform', function(tr) {","    if (tr instanceof babel) {","      tr.once(\"babelify\", function(result, filename) {","        if (seenTransform[filename]) {","          return;  // We only care about the first transform per file.","        }","        seenTransform[filename] = true;","        filename = relativePath(process.cwd(), filename);","        // Copy transformed code into shadow path. Files in this path","        // have precedence over regular relative paths.","        var target = './splittable-build/transformed/' + filename;","        mkpath.sync(path.dirname(target));","        fs.writeFileSync(target, result.code);","        graph.transformed[filename] = target;","      });","    }","  });","  // This gets us the actual deps. We collect them in an array, so","  // we can sort them prior to building the dep tree. Otherwise the tree","  // will not be stable.","  var depEntries = [];","  b.pipeline.get('deps').push(through.obj(function(row, enc, next) {","    row.source = null;  // Release memory","    depEntries.push(row);","    next();","  }));","","  b.bundle().on('end', function() {","    var edges = {};","    depEntries.sort(function(a, b) {","      return a.id < b.id;","    }).forEach(function(row) {","      var id = unifyPath(exports.maybeAddDotJs(","          relativePath(process.cwd(), row.id)));","      topo.addNode(id, id);","      var deps = edges[id] = Object.keys(row.deps).sort().map(function(dep) {","        var depId = row.deps[dep];","        var relPathtoDep = unifyPath(relativePath(process.cwd(), row.deps[dep]));","","        // Non relative module path. Find the package.json.","        if (!/^\\./.test(dep)) {","          var packageJson = findPackageJson(depId);","          if (packageJson) {","            graph.packages[packageJson] = true;","          }","        }","        return relPathtoDep;","      });","      graph.deps[id] = deps;","      if (row.entry) {","        graph.depOf[id] = {};","        graph.depOf[id][id] = true;  // Self edge.","        deps.forEach(function(dep) {","          graph.depOf[id][dep] = true;","        });","      }","    });","    Object.keys(edges).sort().forEach(function(id) {","      edges[id].forEach(function(dep) {","        topo.addEdge(id, dep);","      })","    });","    graph.sorted = Array.from(topo.sort().keys()).reverse();","","    setupBundles(graph);","","    resolve(graph);","  }).on('error', reject).pipe(devnull());","  return promise;","}","","function setupBundles(graph) {","  // For each module, mark them as to whether any of the entry","  // modules depends on them (transitively).","  Array.from(graph.sorted).reverse().forEach(function(id) {","    graph.deps[id].forEach(function(dep) {","      Object.keys(graph.depOf).sort().forEach(function(entry) {","        if (graph.depOf[entry][id]) {","          graph.depOf[entry][dep] = true;","        }","      });","    });","  });","","  // Create the bundles.","  graph.sorted.forEach(function(id) {","    var inBundleCount = 0;","    // The bundle a module should go into.","    var dest;","    // Count in how many bundles a modules wants to be.","    Object.keys(graph.depOf).sort().forEach(function(entry) {","      if (graph.depOf[entry][id]) {","        inBundleCount++;","        dest = entry;","      }","    })","    console.assert(inBundleCount >= 1,","        'Should be in at least 1 bundle', id, 'Bundle count',","        inBundleCount, graph.depOf);","    // If a module is in more than 1 bundle, it must go into _base.","    if (inBundleCount > 1) {","      dest = '_base';","    }","    if (!graph.bundles[dest]) {","      graph.bundles[dest] = {","        isBase: false,","        name: dest,","        modules: [],","      };","    }","    graph.bundles[dest].modules.push(id);","  });","","  // No need for a base module if there was only one entry module.","  if (graph.entryModules.length == 1) {","    delete graph.bundles._base;","  }","}","","var knownExtensions = {","  js: true,","  es: true,","  es6: true,","  json: true,","};","","exports.maybeAddDotJs = function(id) {","  var extensionMatch = id.match(/\\.([a-zA-Z0-9]+)$/);","  var extension = extensionMatch ? extensionMatch[1].toLowerCase() : null;","  if (!knownExtensions[extension]) {","    id += '.js'","  }","  return id;","}","","function bundleTrailModule(name) {","  if (!fs.existsSync('./splittable-build')) {","    fs.mkdirSync('./splittable-build');","  }","  var tmp = require('tmp').fileSync({","    template: './splittable-build/tmp-XXXXXX.js'","  });","","  var js = '// Generated code to get module ' + name + '\\n' +","      '(self[\"_S\"]=self[\"_S\"]||[])[\"//' + name + '\"]=' +","      'require(\"' + relativePath(path.dirname(tmp.name), name) + '\")\\n';","  fs.writeFileSync(tmp.name, js, 'utf8');","  return relativePath(process.cwd(), tmp.name);","}","","function unifyPath(id) {","  return id.split(path.sep).join('/');","}","","/**"," * Given a module path, return the path to the relevant package.json or"," * null. Returns null if the module is not inside a node_modules directory."," * @return {?string}"," */","function findPackageJson(modulePath) {","  if (modulePath.split(path.sep).indexOf('node_modules') == -1) {","    return null;","  }","  return relativePath(process.cwd(),","      findPackageJsonPath(modulePath) + '/package.json');","}","","var systemImport =","    // Polyfill and/or monkey patch System.import.","    '(self.System=self.System||{}).import=function(n){' +","    // Always end names in .js","    'n=n.replace(/\\\\.js$/g,\"\")+\".js\";' +","    // Short circuit if the bundle is already loaded.","    'return (self._S[\"//\"+n]&&Promise.resolve(self._S[\"//\"+n]))' +","    // Short circuit if we are already loadind, otherwise create","    // a promise (that will short circuit subsequent requests)","    // and start loading.","    '||self._S[n]||(self._S[n]=new Promise(function(r,t){' +","    // Load via a script","    'var s=document.createElement(\"script\");' +","    // Calculate the source URL using the same algorithms as used","    // during bundle generation.","    's.src=(self.System.baseURL||\".\")+\"/\"+n.replace(/[\\\\/\\\\\\\\]/g,\"-\");' +","    // Fail promise on any error.","    's.onerror=t;' +","    // On success the trailing module in every bundle will have created","    // the _S global representing the module object that is the root","    // of the bundle. Resolve the promise with it.","    's.onload=function(){r(self._S[\"//\"+n])};' +","    // Append the script tag.","    '(document.head||document.documentElement).appendChild(s);' +","    '})' +","    ')};\\n';","","var nodeEmulation = 'self.global=self;';","","exports.defaultWrapper = nodeEmulation + '%s\\n' +","     '//# sourceMappingURL=%basename%.map\\n';","","// Don't wrap the bundle itself in a closure (other bundles need","// to be able to see it), but add a little async executor for","// scheduled functions.","exports.baseBundleWrapper =","    // Declaring a few variables that are used in node modules to increase","    // compatiblity.","    nodeEmulation +","    '%s\\n' +","    systemImport +","    // Runs scheduled non-base bundles in the _S array and overrides","    // .push to immediately execute incoming bundles.","    '(self._S=self._S||[]).push=function(f){f.call(self)};' +","    '(function(f){while(f=self._S.shift()){f.call(self)}})();\\n' +","    '//# sourceMappingURL=%basename%.map\\n';","","// Schedule or execute bundle via _S global.","exports.bundleWrapper =","    '(self._S=self._S||[]).push((function(){%s}));\\n' +","    '//# sourceMappingURL=%basename%.map\\n';",""],"l":{"17":1,"18":1,"19":1,"20":1,"21":1,"22":1,"23":1,"24":1,"25":1,"26":1,"27":1,"28":1,"31":1,"34":1,"36":0,"37":0,"42":0,"43":0,"44":0,"45":0,"46":0,"50":0,"61":1,"63":0,"91":0,"92":0,"93":0,"94":0,"95":0,"96":0,"99":0,"103":0,"104":0,"109":1,"110":0,"115":0,"116":0,"117":0,"118":0,"122":0,"123":0,"124":0,"125":0,"126":0,"127":0,"128":0,"130":0,"131":0,"132":0,"133":0,"137":0,"138":0,"139":0,"141":0,"143":0,"144":0,"145":0,"148":0,"149":0,"150":0,"153":0,"157":0,"159":0,"160":0,"162":0,"163":0,"164":0,"165":0,"168":0,"172":0,"176":0,"177":0,"178":0,"179":0,"188":1,"189":0,"190":0,"191":0,"192":0,"193":0,"195":0,"196":0,"220":0,"223":0,"246":0,"247":0,"248":0,"250":0,"251":0,"252":0,"256":0,"257":0,"262":0,"264":0,"266":0,"267":0,"269":0,"270":0,"271":0,"273":0,"274":0,"275":0,"278":0,"279":0,"281":0,"282":0,"287":0,"288":0,"289":0,"290":0,"291":0,"292":0,"294":0,"295":0,"298":0,"299":0,"300":0,"301":0,"308":0,"309":0,"310":0,"311":0,"312":0,"315":0,"316":0,"317":0,"318":0,"320":0,"322":0,"323":0,"324":0,"325":0,"328":0,"329":0,"330":0,"331":0,"334":0,"336":0,"337":0,"338":0,"339":0,"340":0,"341":0,"345":0,"346":0,"347":0,"350":0,"352":0,"354":0,"356":0,"359":1,"362":0,"363":0,"364":0,"365":0,"366":0,"373":0,"374":0,"376":0,"378":0,"379":0,"380":0,"381":0,"384":0,"388":0,"389":0,"391":0,"392":0,"398":0,"402":0,"403":0,"407":1,"414":1,"415":0,"416":0,"417":0,"418":0,"420":0,"423":1,"424":0,"425":0,"427":0,"431":0,"434":0,"435":0,"438":1,"439":0,"447":1,"448":0,"449":0,"451":0,"455":1,"482":1,"484":1,"490":1,"503":1}},"/home/travis/build/npmtest/node-npmtest-splittable/node_modules/splittable/base.js":{"path":"/home/travis/build/npmtest/node-npmtest-splittable/node_modules/splittable/base.js","s":{"1":1,"2":1,"3":1},"b":{},"f":{},"fnMap":{},"statementMap":{"1":{"start":{"line":20,"column":0},"end":{"line":20,"column":17}},"2":{"start":{"line":22,"column":0},"end":{"line":22,"column":17}},"3":{"start":{"line":24,"column":0},"end":{"line":24,"column":36}}},"branchMap":{},"code":["/*"," * Copyright 2016 Malte Ubl."," *"," * Licensed under the Apache License, Version 2.0 (the \"License\");"," * you may not use this file except in compliance with the License."," * You may obtain a copy of the License at"," *"," *     http://www.apache.org/licenses/LICENSE-2.0"," *"," * Unless required by applicable law or agreed to in writing, software"," * distributed under the License is distributed on an \"AS IS\" BASIS,"," * WITHOUT WARRANTIES OR CONDITIONS OF ANY KIND, either express or implied."," * See the License for the specific language governing permissions and"," * limitations under the License."," */","","// This file is included as the first file in every splittable build.","","/** @const {!Object}  */","var process = {};","","process.env = {};","","process.env.NODE_ENV = 'production';","","// TODO: Move System.import implementation here.",""],"l":{"20":1,"22":1,"24":1}},"/home/travis/build/npmtest/node-npmtest-splittable/node_modules/splittable/splittable.extern.js":{"path":"/home/travis/build/npmtest/node-npmtest-splittable/node_modules/splittable/splittable.extern.js","s":{"1":2,"2":2,"3":2},"b":{},"f":{"1":0},"fnMap":{"1":{"name":"(anonymous_1)","line":6,"loc":{"start":{"line":6,"column":16},"end":{"line":6,"column":33}}}},"statementMap":{"1":{"start":{"line":1,"column":0},"end":{"line":1,"column":16}},"2":{"start":{"line":6,"column":0},"end":{"line":6,"column":36}},"3":{"start":{"line":11,"column":0},"end":{"line":11,"column":14}}},"branchMap":{},"code":["var System = {};","/**"," * @param {string} module"," * @return {!Promise}"," */","System.import = function(module) {};","","/**"," * @type {!Window}"," */","window.global;",""],"l":{"1":2,"6":2,"11":2}}}